[ 2017-05-22T15:19:09+08:00 ] ::1 /ThinkPHP/yanJing/index.php/Home/Index/jz
INFO: [ app_begin ] --START--
INFO: Run Behavior\ReadHtmlCache [ RunTime:0.001481s ]
INFO: [ app_begin ] --END-- [ RunTime:0.002563s ]
INFO: [ app_end ] --START--
INFO: Run Behavior\ShowPageTrace [ RunTime:0.001396s ]
INFO: [ app_end ] --END-- [ RunTime:0.001687s ]

[ 2017-05-22T15:24:01+08:00 ] ::1 /ThinkPHP/yanJing/index.php/Home/Index/jz
INFO: [ app_begin ] --START--
INFO: Run Behavior\ReadHtmlCache [ RunTime:0.001033s ]
INFO: [ app_begin ] --END-- [ RunTime:0.001966s ]
INFO: [ app_end ] --START--
INFO: Run Behavior\ShowPageTrace [ RunTime:0.001007s ]
INFO: [ app_end ] --END-- [ RunTime:0.001230s ]

[ 2017-05-22T15:24:23+08:00 ] ::1 /ThinkPHP/yanJing/index.php/Home/Index/jz
INFO: [ app_begin ] --START--
INFO: Run Behavior\ReadHtmlCache [ RunTime:0.001057s ]
INFO: [ app_begin ] --END-- [ RunTime:0.001936s ]
INFO: [ app_end ] --START--
INFO: Run Behavior\ShowPageTrace [ RunTime:0.001135s ]
INFO: [ app_end ] --END-- [ RunTime:0.001370s ]

[ 2017-05-22T15:25:49+08:00 ] ::1 /ThinkPHP/yanJing/index.php/Home/Index/jz
INFO: [ app_begin ] --START--
INFO: Run Behavior\ReadHtmlCache [ RunTime:0.000993s ]
INFO: [ app_begin ] --END-- [ RunTime:0.001994s ]
INFO: [ app_end ] --START--
INFO: Run Behavior\ShowPageTrace [ RunTime:0.001140s ]
INFO: [ app_end ] --END-- [ RunTime:0.001378s ]

[ 2017-05-22T15:26:08+08:00 ] ::1 /ThinkPHP/yanJing/index.php/Home/Index/jz
INFO: [ app_begin ] --START--
INFO: Run Behavior\ReadHtmlCache [ RunTime:0.001102s ]
INFO: [ app_begin ] --END-- [ RunTime:0.002152s ]
INFO: [ app_end ] --START--
INFO: Run Behavior\ShowPageTrace [ RunTime:0.001123s ]
INFO: [ app_end ] --END-- [ RunTime:0.001376s ]

[ 2017-05-22T15:26:54+08:00 ] ::1 /ThinkPHP/yanJing/index.php/Home/Index/jz
INFO: [ app_begin ] --START--
INFO: Run Behavior\ReadHtmlCache [ RunTime:0.001155s ]
INFO: [ app_begin ] --END-- [ RunTime:0.002160s ]
INFO: [ app_end ] --START--
INFO: Run Behavior\ShowPageTrace [ RunTime:0.001215s ]
INFO: [ app_end ] --END-- [ RunTime:0.001476s ]

[ 2017-05-22T15:27:01+08:00 ] ::1 /ThinkPHP/yanJing/index.php/Home/Index/jz
INFO: [ app_begin ] --START--
INFO: Run Behavior\ReadHtmlCache [ RunTime:0.001601s ]
INFO: [ app_begin ] --END-- [ RunTime:0.002978s ]
INFO: [ app_end ] --START--
INFO: Run Behavior\ShowPageTrace [ RunTime:0.001566s ]
INFO: [ app_end ] --END-- [ RunTime:0.001842s ]

[ 2017-05-22T15:27:15+08:00 ] ::1 /ThinkPHP/yanJing/index.php/Home/Index/jz
INFO: [ app_begin ] --START--
INFO: Run Behavior\ReadHtmlCache [ RunTime:0.001199s ]
INFO: [ app_begin ] --END-- [ RunTime:0.002613s ]
INFO: [ app_end ] --START--
INFO: Run Behavior\ShowPageTrace [ RunTime:0.001048s ]
INFO: [ app_end ] --END-- [ RunTime:0.001242s ]

[ 2017-05-22T15:27:19+08:00 ] ::1 /ThinkPHP/yanJing/index.php/Home/Index/jz
INFO: [ app_begin ] --START--
INFO: Run Behavior\ReadHtmlCache [ RunTime:0.001465s ]
INFO: [ app_begin ] --END-- [ RunTime:0.003214s ]
INFO: [ app_end ] --START--
INFO: Run Behavior\ShowPageTrace [ RunTime:0.001052s ]
INFO: [ app_end ] --END-- [ RunTime:0.001260s ]

[ 2017-05-22T15:28:19+08:00 ] ::1 /ThinkPHP/yanJing/index.php/Home/Index/jz
INFO: [ app_begin ] --START--
INFO: Run Behavior\ReadHtmlCache [ RunTime:0.000991s ]
INFO: [ app_begin ] --END-- [ RunTime:0.001919s ]
INFO: [ app_end ] --START--
INFO: Run Behavior\ShowPageTrace [ RunTime:0.001020s ]
INFO: [ app_end ] --END-- [ RunTime:0.001238s ]

[ 2017-05-22T15:28:35+08:00 ] ::1 /ThinkPHP/yanJing/index.php/Home/Index/jz
INFO: [ app_begin ] --START--
INFO: Run Behavior\ReadHtmlCache [ RunTime:0.001262s ]
INFO: [ app_begin ] --END-- [ RunTime:0.002401s ]
INFO: [ app_end ] --START--
INFO: Run Behavior\ShowPageTrace [ RunTime:0.001209s ]
INFO: [ app_end ] --END-- [ RunTime:0.001426s ]

[ 2017-05-22T15:29:51+08:00 ] ::1 /ThinkPHP/yanJing/index.php/Home/Index/jz
INFO: [ app_begin ] --START--
INFO: Run Behavior\ReadHtmlCache [ RunTime:0.001402s ]
INFO: [ app_begin ] --END-- [ RunTime:0.002693s ]
INFO: [ app_end ] --START--
INFO: Run Behavior\ShowPageTrace [ RunTime:0.001103s ]
INFO: [ app_end ] --END-- [ RunTime:0.001322s ]

[ 2017-05-22T15:30:23+08:00 ] ::1 /ThinkPHP/yanJing/index.php/Home/Index/jz
INFO: [ app_begin ] --START--
INFO: Run Behavior\ReadHtmlCache [ RunTime:0.001150s ]
INFO: [ app_begin ] --END-- [ RunTime:0.002431s ]
INFO: [ app_end ] --START--
INFO: Run Behavior\ShowPageTrace [ RunTime:0.001099s ]
INFO: [ app_end ] --END-- [ RunTime:0.001316s ]

[ 2017-05-22T15:30:52+08:00 ] ::1 /ThinkPHP/yanJing/index.php/Home/Index/jz
INFO: [ app_begin ] --START--
INFO: Run Behavior\ReadHtmlCache [ RunTime:0.001148s ]
INFO: [ app_begin ] --END-- [ RunTime:0.002078s ]
INFO: [ app_end ] --START--
INFO: Run Behavior\ShowPageTrace [ RunTime:0.001130s ]
INFO: [ app_end ] --END-- [ RunTime:0.001365s ]

[ 2017-05-22T15:33:04+08:00 ] ::1 /ThinkPHP/yanJing/index.php/Home/Index/jz
INFO: [ app_begin ] --START--
INFO: Run Behavior\ReadHtmlCache [ RunTime:0.001011s ]
INFO: [ app_begin ] --END-- [ RunTime:0.001942s ]
INFO: [ app_end ] --START--
INFO: Run Behavior\ShowPageTrace [ RunTime:0.001133s ]
INFO: [ app_end ] --END-- [ RunTime:0.001359s ]

[ 2017-05-22T15:33:41+08:00 ] ::1 /ThinkPHP/yanJing/index.php/Home/Index/jz
INFO: [ app_begin ] --START--
INFO: Run Behavior\ReadHtmlCache [ RunTime:0.001167s ]
INFO: [ app_begin ] --END-- [ RunTime:0.002214s ]
INFO: [ app_end ] --START--
INFO: Run Behavior\ShowPageTrace [ RunTime:0.001301s ]
INFO: [ app_end ] --END-- [ RunTime:0.001558s ]

[ 2017-05-22T15:35:18+08:00 ] ::1 /ThinkPHP/yanJing/index.php/Home/Index/jz
INFO: [ app_begin ] --START--
INFO: Run Behavior\ReadHtmlCache [ RunTime:0.001267s ]
INFO: [ app_begin ] --END-- [ RunTime:0.002481s ]
INFO: [ app_end ] --START--
INFO: Run Behavior\ShowPageTrace [ RunTime:0.001126s ]
INFO: [ app_end ] --END-- [ RunTime:0.001358s ]

[ 2017-05-22T15:44:06+08:00 ] ::1 /ThinkPHP/yanJing/index.php/Home/Index/jz
INFO: [ app_begin ] --START--
INFO: Run Behavior\ReadHtmlCache [ RunTime:0.001016s ]
INFO: [ app_begin ] --END-- [ RunTime:0.002000s ]
INFO: [ app_end ] --START--
INFO: Run Behavior\ShowPageTrace [ RunTime:0.001271s ]
INFO: [ app_end ] --END-- [ RunTime:0.001514s ]

[ 2017-05-22T15:50:42+08:00 ] ::1 /ThinkPHP/yanJing/index.php/Home/Index/jz
INFO: [ app_begin ] --START--
INFO: Run Behavior\ReadHtmlCache [ RunTime:0.001331s ]
INFO: [ app_begin ] --END-- [ RunTime:0.002514s ]
INFO: [ app_end ] --START--
INFO: Run Behavior\ShowPageTrace [ RunTime:0.001363s ]
INFO: [ app_end ] --END-- [ RunTime:0.001639s ]

[ 2017-05-22T17:08:15+08:00 ] 172.18.160.17 /ThinkPHP/yanJing/index.php/Home/Index/jz
INFO: [ app_begin ] --START--
INFO: Run Behavior\ReadHtmlCache [ RunTime:0.001186s ]
INFO: [ app_begin ] --END-- [ RunTime:0.002393s ]
INFO: [ app_end ] --START--
INFO: Run Behavior\ShowPageTrace [ RunTime:0.001044s ]
INFO: [ app_end ] --END-- [ RunTime:0.001271s ]

[ 2017-05-22T17:08:44+08:00 ] 172.18.160.17 /ThinkPHP/yanJing/index.php/Home/Index/jz
INFO: [ app_begin ] --START--
INFO: Run Behavior\ReadHtmlCache [ RunTime:0.002325s ]
INFO: [ app_begin ] --END-- [ RunTime:0.004178s ]
INFO: [ app_end ] --START--
INFO: Run Behavior\ShowPageTrace [ RunTime:0.001234s ]
INFO: [ app_end ] --END-- [ RunTime:0.001493s ]

[ 2017-05-22T17:56:21+08:00 ] ::1 /ThinkPHP/yanJing/index.php/Home/Index/jz
INFO: [ app_begin ] --START--
INFO: Run Behavior\ReadHtmlCache [ RunTime:0.001025s ]
INFO: [ app_begin ] --END-- [ RunTime:0.002008s ]
SQL: SHOW COLUMNS FROM `goods` [ RunTime:0.008060s ]
SQL: SELECT COUNT(ID) AS tp_count FROM `goods` LIMIT 1   [ RunTime:0.000474s ]
INFO: [ app_end ] --START--
INFO: Run Behavior\ShowPageTrace [ RunTime:0.001301s ]
INFO: [ app_end ] --END-- [ RunTime:0.001500s ]

[ 2017-05-22T17:58:20+08:00 ] ::1 /ThinkPHP/yanJing/index.php/Home/Index/jz
INFO: [ app_begin ] --START--
INFO: Run Behavior\ReadHtmlCache [ RunTime:0.001018s ]
INFO: [ app_begin ] --END-- [ RunTime:0.002035s ]
SQL: SHOW COLUMNS FROM `goods` [ RunTime:0.008418s ]
SQL: SELECT COUNT(ID) AS tp_count FROM `goods` LIMIT 1   [ RunTime:0.000477s ]
INFO: [ app_end ] --START--
INFO: Run Behavior\ShowPageTrace [ RunTime:0.001455s ]
INFO: [ app_end ] --END-- [ RunTime:0.001662s ]

[ 2017-05-22T17:58:42+08:00 ] ::1 /ThinkPHP/yanJing/index.php/Home/Index/jz
INFO: [ app_begin ] --START--
INFO: Run Behavior\ReadHtmlCache [ RunTime:0.001042s ]
INFO: [ app_begin ] --END-- [ RunTime:0.001991s ]
SQL: SHOW COLUMNS FROM `goods` [ RunTime:0.008223s ]
SQL: SELECT COUNT(ID) AS tp_count FROM `goods` LIMIT 1   [ RunTime:0.000432s ]
INFO: [ app_end ] --START--
INFO: Run Behavior\ShowPageTrace [ RunTime:0.001355s ]
INFO: [ app_end ] --END-- [ RunTime:0.001557s ]

[ 2017-05-22T18:30:43+08:00 ] ::1 /ThinkPHP/yanJing/index.php/Home/Index/index
INFO: [ app_begin ] --START--
INFO: Run Behavior\ReadHtmlCache [ RunTime:0.001330s ]
INFO: [ app_begin ] --END-- [ RunTime:0.002792s ]
SQL: SHOW COLUMNS FROM `goods` [ RunTime:0.008686s ]
SQL: SELECT `product`,`brand`,`Price`,`pe_img`,`describe` FROM `goods` WHERE ( `category` = '老花镜' ) LIMIT 0,5   [ RunTime:0.000592s ]
INFO: [ app_end ] --START--
INFO: Run Behavior\ShowPageTrace [ RunTime:0.001323s ]
INFO: [ app_end ] --END-- [ RunTime:0.001536s ]

[ 2017-05-22T18:31:15+08:00 ] ::1 /ThinkPHP/yanJing/index.php/Home/Index/index
INFO: [ app_begin ] --START--
INFO: Run Behavior\ReadHtmlCache [ RunTime:0.002775s ]
INFO: [ app_begin ] --END-- [ RunTime:0.005116s ]
SQL: SHOW COLUMNS FROM `goods` [ RunTime:0.011009s ]
SQL: SELECT `product`,`brand`,`Price`,`pe_img`,`describe` FROM `goods` WHERE ( `category` = '太阳镜 ' ) LIMIT 0,5   [ RunTime:0.000547s ]
INFO: [ app_end ] --START--
INFO: Run Behavior\ShowPageTrace [ RunTime:0.001332s ]
INFO: [ app_end ] --END-- [ RunTime:0.001531s ]

[ 2017-05-22T18:31:16+08:00 ] ::1 /ThinkPHP/yanJing/index.php/Home/Index/index
INFO: [ app_begin ] --START--
INFO: Run Behavior\ReadHtmlCache [ RunTime:0.002122s ]
INFO: [ app_begin ] --END-- [ RunTime:0.003649s ]
SQL: SHOW COLUMNS FROM `goods` [ RunTime:0.008239s ]
SQL: SELECT `product`,`brand`,`Price`,`pe_img`,`describe` FROM `goods` WHERE ( `category` = '太阳镜 ' ) LIMIT 0,5   [ RunTime:0.000556s ]
INFO: [ app_end ] --START--
INFO: Run Behavior\ShowPageTrace [ RunTime:0.001598s ]
INFO: [ app_end ] --END-- [ RunTime:0.001875s ]

[ 2017-05-22T18:31:20+08:00 ] ::1 /ThinkPHP/yanJing/index.php/Home/Index/index
INFO: [ app_begin ] --START--
INFO: Run Behavior\ReadHtmlCache [ RunTime:0.001065s ]
INFO: [ app_begin ] --END-- [ RunTime:0.002001s ]
SQL: SHOW COLUMNS FROM `goods` [ RunTime:0.007762s ]
SQL: SELECT `product`,`brand`,`Price`,`pe_img`,`describe` FROM `goods` WHERE ( `category` = '隐形眼镜护理液' ) LIMIT 0,5   [ RunTime:0.000609s ]
INFO: [ app_end ] --START--
INFO: Run Behavior\ShowPageTrace [ RunTime:0.001332s ]
INFO: [ app_end ] --END-- [ RunTime:0.001542s ]

[ 2017-05-22T18:31:21+08:00 ] ::1 /ThinkPHP/yanJing/index.php/Home/Index/index
INFO: [ app_begin ] --START--
INFO: Run Behavior\ReadHtmlCache [ RunTime:0.001274s ]
INFO: [ app_begin ] --END-- [ RunTime:0.003163s ]
SQL: SHOW COLUMNS FROM `goods` [ RunTime:0.013061s ]
SQL: SELECT `product`,`brand`,`Price`,`pe_img`,`describe` FROM `goods` WHERE ( `category` = '隐形眼镜' ) LIMIT 0,5   [ RunTime:0.000734s ]
INFO: [ app_end ] --START--
INFO: Run Behavior\ShowPageTrace [ RunTime:0.001691s ]
INFO: [ app_end ] --END-- [ RunTime:0.001948s ]

[ 2017-05-22T18:31:22+08:00 ] ::1 /ThinkPHP/yanJing/index.php/Home/Index/index
INFO: [ app_begin ] --START--
INFO: Run Behavior\ReadHtmlCache [ RunTime:0.001106s ]
INFO: [ app_begin ] --END-- [ RunTime:0.002036s ]
SQL: SHOW COLUMNS FROM `goods` [ RunTime:0.009536s ]
SQL: SELECT `product`,`brand`,`Price`,`pe_img`,`describe` FROM `goods` WHERE ( `category` = '老花镜' ) LIMIT 0,5   [ RunTime:0.000703s ]
INFO: [ app_end ] --START--
INFO: Run Behavior\ShowPageTrace [ RunTime:0.001340s ]
INFO: [ app_end ] --END-- [ RunTime:0.001543s ]

[ 2017-05-22T18:31:23+08:00 ] ::1 /ThinkPHP/yanJing/index.php/Home/Index/index
INFO: [ app_begin ] --START--
INFO: Run Behavior\ReadHtmlCache [ RunTime:0.001859s ]
INFO: [ app_begin ] --END-- [ RunTime:0.003102s ]
SQL: SHOW COLUMNS FROM `goods` [ RunTime:0.008512s ]
SQL: SELECT `product`,`brand`,`Price`,`pe_img`,`describe` FROM `goods` WHERE ( `category` = '太阳镜 ' ) LIMIT 0,5   [ RunTime:0.000588s ]
INFO: [ app_end ] --START--
INFO: Run Behavior\ShowPageTrace [ RunTime:0.001338s ]
INFO: [ app_end ] --END-- [ RunTime:0.001553s ]

[ 2017-05-22T18:31:24+08:00 ] ::1 /ThinkPHP/yanJing/index.php/Home/Index/index
INFO: [ app_begin ] --START--
INFO: Run Behavior\ReadHtmlCache [ RunTime:0.001316s ]
INFO: [ app_begin ] --END-- [ RunTime:0.002610s ]
SQL: SHOW COLUMNS FROM `goods` [ RunTime:0.011282s ]
SQL: SELECT `product`,`brand`,`Price`,`pe_img`,`describe` FROM `goods` WHERE ( `category` = '隐形眼镜护理液' ) LIMIT 0,5   [ RunTime:0.000594s ]
INFO: [ app_end ] --START--
INFO: Run Behavior\ShowPageTrace [ RunTime:0.001660s ]
INFO: [ app_end ] --END-- [ RunTime:0.002009s ]

[ 2017-05-22T18:31:25+08:00 ] ::1 /ThinkPHP/yanJing/index.php/Home/Index/index
INFO: [ app_begin ] --START--
INFO: Run Behavior\ReadHtmlCache [ RunTime:0.001360s ]
INFO: [ app_begin ] --END-- [ RunTime:0.002726s ]
SQL: SHOW COLUMNS FROM `goods` [ RunTime:0.010590s ]
SQL: SELECT `product`,`brand`,`Price`,`pe_img`,`describe` FROM `goods` WHERE ( `category` = '隐形眼镜' ) LIMIT 0,5   [ RunTime:0.000640s ]
INFO: [ app_end ] --START--
INFO: Run Behavior\ShowPageTrace [ RunTime:0.001340s ]
INFO: [ app_end ] --END-- [ RunTime:0.001537s ]

[ 2017-05-22T18:39:11+08:00 ] ::1 /ThinkPHP/yanJing/index.php/Home/Index/index
INFO: [ app_begin ] --START--
INFO: Run Behavior\ReadHtmlCache [ RunTime:0.001095s ]
INFO: [ app_begin ] --END-- [ RunTime:0.002081s ]
SQL: SHOW COLUMNS FROM `goods` [ RunTime:0.008338s ]
SQL: SELECT `product`,`brand`,`Price`,`pe_img`,`describe` FROM `goods` WHERE ( `category` = '老花镜' ) LIMIT 0,5   [ RunTime:0.000554s ]
INFO: [ app_end ] --START--
INFO: Run Behavior\ShowPageTrace [ RunTime:0.001332s ]
INFO: [ app_end ] --END-- [ RunTime:0.001524s ]

[ 2017-05-22T18:39:16+08:00 ] ::1 /ThinkPHP/yanJing/index.php/Home/Index/index
INFO: [ app_begin ] --START--
INFO: Run Behavior\ReadHtmlCache [ RunTime:0.001161s ]
INFO: [ app_begin ] --END-- [ RunTime:0.002715s ]
SQL: SHOW COLUMNS FROM `goods` [ RunTime:0.008385s ]
SQL: SELECT `product`,`brand`,`Price`,`pe_img`,`describe` FROM `goods` WHERE ( `category` = '太阳镜 ' ) LIMIT 0,5   [ RunTime:0.000892s ]
INFO: [ app_end ] --START--
INFO: Run Behavior\ShowPageTrace [ RunTime:0.001486s ]
INFO: [ app_end ] --END-- [ RunTime:0.001740s ]

[ 2017-05-22T18:39:21+08:00 ] ::1 /ThinkPHP/yanJing/index.php/Home/Index/index
INFO: [ app_begin ] --START--
INFO: Run Behavior\ReadHtmlCache [ RunTime:0.001162s ]
INFO: [ app_begin ] --END-- [ RunTime:0.002051s ]
SQL: SHOW COLUMNS FROM `goods` [ RunTime:0.009203s ]
SQL: SELECT `product`,`brand`,`Price`,`pe_img`,`describe` FROM `goods` WHERE ( `category` = '隐形眼镜护理液' ) LIMIT 0,5   [ RunTime:0.000626s ]
INFO: [ app_end ] --START--
INFO: Run Behavior\ShowPageTrace [ RunTime:0.001278s ]
INFO: [ app_end ] --END-- [ RunTime:0.001527s ]

[ 2017-05-22T18:39:28+08:00 ] ::1 /ThinkPHP/yanJing/index.php/Home/Index/index
INFO: [ app_begin ] --START--
INFO: Run Behavior\ReadHtmlCache [ RunTime:0.000985s ]
INFO: [ app_begin ] --END-- [ RunTime:0.001905s ]
SQL: SHOW COLUMNS FROM `goods` [ RunTime:0.008573s ]
SQL: SELECT `product`,`brand`,`Price`,`pe_img`,`describe` FROM `goods` WHERE ( `category` = '隐形眼镜' ) LIMIT 0,5   [ RunTime:0.000551s ]
INFO: [ app_end ] --START--
INFO: Run Behavior\ShowPageTrace [ RunTime:0.001479s ]
INFO: [ app_end ] --END-- [ RunTime:0.001707s ]

[ 2017-05-22T18:39:29+08:00 ] ::1 /ThinkPHP/yanJing/index.php/Home/Index/index
INFO: [ app_begin ] --START--
INFO: Run Behavior\ReadHtmlCache [ RunTime:0.002947s ]
INFO: [ app_begin ] --END-- [ RunTime:0.005520s ]
SQL: SHOW COLUMNS FROM `goods` [ RunTime:0.008776s ]
SQL: SELECT `product`,`brand`,`Price`,`pe_img`,`describe` FROM `goods` WHERE ( `category` = '隐形眼镜' ) LIMIT 0,5   [ RunTime:0.000706s ]
INFO: [ app_end ] --START--
INFO: Run Behavior\ShowPageTrace [ RunTime:0.001359s ]
INFO: [ app_end ] --END-- [ RunTime:0.001575s ]

[ 2017-05-22T18:39:30+08:00 ] ::1 /ThinkPHP/yanJing/index.php/Home/Index/index
INFO: [ app_begin ] --START--
INFO: Run Behavior\ReadHtmlCache [ RunTime:0.001499s ]
INFO: [ app_begin ] --END-- [ RunTime:0.002767s ]
SQL: SHOW COLUMNS FROM `goods` [ RunTime:0.009195s ]
SQL: SELECT `product`,`brand`,`Price`,`pe_img`,`describe` FROM `goods` WHERE ( `category` = '隐形眼镜护理液' ) LIMIT 0,5   [ RunTime:0.000533s ]
INFO: [ app_end ] --START--
INFO: Run Behavior\ShowPageTrace [ RunTime:0.001334s ]
INFO: [ app_end ] --END-- [ RunTime:0.001535s ]

[ 2017-05-22T18:39:31+08:00 ] ::1 /ThinkPHP/yanJing/index.php/Home/Index/index
INFO: [ app_begin ] --START--
INFO: Run Behavior\ReadHtmlCache [ RunTime:0.001320s ]
INFO: [ app_begin ] --END-- [ RunTime:0.002593s ]
SQL: SHOW COLUMNS FROM `goods` [ RunTime:0.008193s ]
SQL: SELECT `product`,`brand`,`Price`,`pe_img`,`describe` FROM `goods` WHERE ( `category` = '近视镜 ' ) LIMIT 0,5   [ RunTime:0.000545s ]
INFO: [ app_end ] --START--
INFO: Run Behavior\ShowPageTrace [ RunTime:0.001339s ]
INFO: [ app_end ] --END-- [ RunTime:0.001539s ]

[ 2017-05-22T18:39:34+08:00 ] ::1 /ThinkPHP/yanJing/index.php/Home/Index/index
INFO: [ app_begin ] --START--
INFO: Run Behavior\ReadHtmlCache [ RunTime:0.001188s ]
INFO: [ app_begin ] --END-- [ RunTime:0.002319s ]
SQL: SHOW COLUMNS FROM `goods` [ RunTime:0.008552s ]
SQL: SELECT `product`,`brand`,`Price`,`pe_img`,`describe` FROM `goods` WHERE ( `category` = '隐形眼镜护理液' ) LIMIT 0,5   [ RunTime:0.000647s ]
INFO: [ app_end ] --START--
INFO: Run Behavior\ShowPageTrace [ RunTime:0.001385s ]
INFO: [ app_end ] --END-- [ RunTime:0.001597s ]

[ 2017-05-22T18:39:39+08:00 ] ::1 /ThinkPHP/yanJing/index.php/Home/Index/index
INFO: [ app_begin ] --START--
INFO: Run Behavior\ReadHtmlCache [ RunTime:0.001131s ]
INFO: [ app_begin ] --END-- [ RunTime:0.002312s ]
SQL: SHOW COLUMNS FROM `goods` [ RunTime:0.013785s ]
SQL: SELECT `product`,`brand`,`Price`,`pe_img`,`describe` FROM `goods` WHERE ( `category` = '隐形眼镜' ) LIMIT 0,5   [ RunTime:0.000608s ]
INFO: [ app_end ] --START--
INFO: Run Behavior\ShowPageTrace [ RunTime:0.001778s ]
INFO: [ app_end ] --END-- [ RunTime:0.002077s ]

[ 2017-05-22T18:39:40+08:00 ] ::1 /ThinkPHP/yanJing/index.php/Home/Index/index
INFO: [ app_begin ] --START--
INFO: Run Behavior\ReadHtmlCache [ RunTime:0.000993s ]
INFO: [ app_begin ] --END-- [ RunTime:0.001936s ]
SQL: SHOW COLUMNS FROM `goods` [ RunTime:0.007839s ]
SQL: SELECT `product`,`brand`,`Price`,`pe_img`,`describe` FROM `goods` WHERE ( `category` = '隐形眼镜' ) LIMIT 0,5   [ RunTime:0.000507s ]
INFO: [ app_end ] --START--
INFO: Run Behavior\ShowPageTrace [ RunTime:0.001393s ]
INFO: [ app_end ] --END-- [ RunTime:0.001618s ]

[ 2017-05-22T18:39:41+08:00 ] ::1 /ThinkPHP/yanJing/index.php/Home/Index/index
INFO: [ app_begin ] --START--
INFO: Run Behavior\ReadHtmlCache [ RunTime:0.001300s ]
INFO: [ app_begin ] --END-- [ RunTime:0.002410s ]
SQL: SHOW COLUMNS FROM `goods` [ RunTime:0.008519s ]
SQL: SELECT `product`,`brand`,`Price`,`pe_img`,`describe` FROM `goods` WHERE ( `category` = '老花镜' ) LIMIT 0,5   [ RunTime:0.000535s ]
INFO: [ app_end ] --START--
INFO: Run Behavior\ShowPageTrace [ RunTime:0.001349s ]
INFO: [ app_end ] --END-- [ RunTime:0.001552s ]

[ 2017-05-22T18:39:43+08:00 ] ::1 /ThinkPHP/yanJing/index.php/Home/Index/index
INFO: [ app_begin ] --START--
INFO: Run Behavior\ReadHtmlCache [ RunTime:0.001009s ]
INFO: [ app_begin ] --END-- [ RunTime:0.001936s ]
SQL: SHOW COLUMNS FROM `goods` [ RunTime:0.008003s ]
SQL: SELECT `product`,`brand`,`Price`,`pe_img`,`describe` FROM `goods` WHERE ( `category` = '太阳镜 ' ) LIMIT 0,5   [ RunTime:0.000533s ]
INFO: [ app_end ] --START--
INFO: Run Behavior\ShowPageTrace [ RunTime:0.001372s ]
INFO: [ app_end ] --END-- [ RunTime:0.001575s ]

[ 2017-05-22T18:39:45+08:00 ] ::1 /ThinkPHP/yanJing/index.php/Home/Index/index
INFO: [ app_begin ] --START--
INFO: Run Behavior\ReadHtmlCache [ RunTime:0.001070s ]
INFO: [ app_begin ] --END-- [ RunTime:0.002048s ]
SQL: SHOW COLUMNS FROM `goods` [ RunTime:0.008416s ]
SQL: SELECT `product`,`brand`,`Price`,`pe_img`,`describe` FROM `goods` WHERE ( `category` = '隐形眼镜' ) LIMIT 0,5   [ RunTime:0.000526s ]
INFO: [ app_end ] --START--
INFO: Run Behavior\ShowPageTrace [ RunTime:0.001317s ]
INFO: [ app_end ] --END-- [ RunTime:0.001517s ]

[ 2017-05-22T18:39:47+08:00 ] ::1 /ThinkPHP/yanJing/index.php/Home/Index/index
INFO: [ app_begin ] --START--
INFO: Run Behavior\ReadHtmlCache [ RunTime:0.001114s ]
INFO: [ app_begin ] --END-- [ RunTime:0.002211s ]
SQL: SHOW COLUMNS FROM `goods` [ RunTime:0.007937s ]
SQL: SELECT `product`,`brand`,`Price`,`pe_img`,`describe` FROM `goods` WHERE ( `category` = '太阳镜 ' ) LIMIT 0,5   [ RunTime:0.000557s ]
INFO: [ app_end ] --START--
INFO: Run Behavior\ShowPageTrace [ RunTime:0.001535s ]
INFO: [ app_end ] --END-- [ RunTime:0.001807s ]

[ 2017-05-22T18:39:49+08:00 ] ::1 /ThinkPHP/yanJing/index.php/Home/Index/index
INFO: [ app_begin ] --START--
INFO: Run Behavior\ReadHtmlCache [ RunTime:0.001095s ]
INFO: [ app_begin ] --END-- [ RunTime:0.002027s ]
SQL: SHOW COLUMNS FROM `goods` [ RunTime:0.008341s ]
SQL: SELECT `product`,`brand`,`Price`,`pe_img`,`describe` FROM `goods` WHERE ( `category` = '老花镜' ) LIMIT 0,5   [ RunTime:0.000564s ]
INFO: [ app_end ] --START--
INFO: Run Behavior\ShowPageTrace [ RunTime:0.001335s ]
INFO: [ app_end ] --END-- [ RunTime:0.001545s ]

[ 2017-05-22T18:39:50+08:00 ] ::1 /ThinkPHP/yanJing/index.php/Home/Index/index
INFO: [ app_begin ] --START--
INFO: Run Behavior\ReadHtmlCache [ RunTime:0.001005s ]
INFO: [ app_begin ] --END-- [ RunTime:0.002021s ]
SQL: SHOW COLUMNS FROM `goods` [ RunTime:0.008708s ]
SQL: SELECT `product`,`brand`,`Price`,`pe_img`,`describe` FROM `goods` WHERE ( `category` = '太阳镜 ' ) LIMIT 0,5   [ RunTime:0.000616s ]
INFO: [ app_end ] --START--
INFO: Run Behavior\ShowPageTrace [ RunTime:0.001335s ]
INFO: [ app_end ] --END-- [ RunTime:0.001539s ]

[ 2017-05-22T18:39:55+08:00 ] ::1 /ThinkPHP/yanJing/index.php/Home/Index/index
INFO: [ app_begin ] --START--
INFO: Run Behavior\ReadHtmlCache [ RunTime:0.001348s ]
INFO: [ app_begin ] --END-- [ RunTime:0.002486s ]
SQL: SHOW COLUMNS FROM `goods` [ RunTime:0.008416s ]
SQL: SELECT `product`,`brand`,`Price`,`pe_img`,`describe` FROM `goods` WHERE ( `category` = '老花镜' ) LIMIT 0,5   [ RunTime:0.000697s ]
INFO: [ app_end ] --START--
INFO: Run Behavior\ShowPageTrace [ RunTime:0.001414s ]
INFO: [ app_end ] --END-- [ RunTime:0.001629s ]

[ 2017-05-22T18:43:58+08:00 ] ::1 /ThinkPHP/yanJing/index.php/Home/Index/index
INFO: [ app_begin ] --START--
INFO: Run Behavior\ReadHtmlCache [ RunTime:0.001167s ]
INFO: [ app_begin ] --END-- [ RunTime:0.002158s ]
SQL: SHOW COLUMNS FROM `goods` [ RunTime:0.007744s ]
SQL: SELECT `product`,`brand`,`Price`,`pe_img`,`describe` FROM `goods` WHERE ( `category` = '隐形眼镜护理液' ) LIMIT 0,5   [ RunTime:0.000547s ]
INFO: [ app_end ] --START--
INFO: Run Behavior\ShowPageTrace [ RunTime:0.001482s ]
INFO: [ app_end ] --END-- [ RunTime:0.001711s ]

[ 2017-05-22T18:44:00+08:00 ] ::1 /ThinkPHP/yanJing/index.php/Home/Index/index
INFO: [ app_begin ] --START--
INFO: Run Behavior\ReadHtmlCache [ RunTime:0.001181s ]
INFO: [ app_begin ] --END-- [ RunTime:0.002124s ]
SQL: SHOW COLUMNS FROM `goods` [ RunTime:0.008337s ]
SQL: SELECT `product`,`brand`,`Price`,`pe_img`,`describe` FROM `goods` WHERE ( `category` = '隐形眼镜护理液' ) LIMIT 0,5   [ RunTime:0.000571s ]
INFO: [ app_end ] --START--
INFO: Run Behavior\ShowPageTrace [ RunTime:0.001699s ]
INFO: [ app_end ] --END-- [ RunTime:0.001949s ]

[ 2017-05-22T18:44:01+08:00 ] ::1 /ThinkPHP/yanJing/index.php/Home/Index/index
INFO: [ app_begin ] --START--
INFO: Run Behavior\ReadHtmlCache [ RunTime:0.001225s ]
INFO: [ app_begin ] --END-- [ RunTime:0.002222s ]
SQL: SHOW COLUMNS FROM `goods` [ RunTime:0.008072s ]
SQL: SELECT `product`,`brand`,`Price`,`pe_img`,`describe` FROM `goods` WHERE ( `category` = '老花镜' ) LIMIT 0,5   [ RunTime:0.000532s ]
INFO: [ app_end ] --START--
INFO: Run Behavior\ShowPageTrace [ RunTime:0.001469s ]
INFO: [ app_end ] --END-- [ RunTime:0.001705s ]

[ 2017-05-22T18:44:01+08:00 ] ::1 /ThinkPHP/yanJing/index.php/Home/Index/index
INFO: [ app_begin ] --START--
INFO: Run Behavior\ReadHtmlCache [ RunTime:0.000992s ]
INFO: [ app_begin ] --END-- [ RunTime:0.001890s ]
SQL: SHOW COLUMNS FROM `goods` [ RunTime:0.008324s ]
SQL: SELECT `product`,`brand`,`Price`,`pe_img`,`describe` FROM `goods` WHERE ( `category` = '太阳镜 ' ) LIMIT 0,5   [ RunTime:0.000559s ]
INFO: [ app_end ] --START--
INFO: Run Behavior\ShowPageTrace [ RunTime:0.001304s ]
INFO: [ app_end ] --END-- [ RunTime:0.001510s ]

[ 2017-05-22T18:44:02+08:00 ] ::1 /ThinkPHP/yanJing/index.php/Home/Index/index
INFO: [ app_begin ] --START--
INFO: Run Behavior\ReadHtmlCache [ RunTime:0.001298s ]
INFO: [ app_begin ] --END-- [ RunTime:0.002664s ]
SQL: SHOW COLUMNS FROM `goods` [ RunTime:0.008016s ]
SQL: SELECT `product`,`brand`,`Price`,`pe_img`,`describe` FROM `goods` WHERE ( `category` = '近视镜 ' ) LIMIT 0,5   [ RunTime:0.000554s ]
INFO: [ app_end ] --START--
INFO: Run Behavior\ShowPageTrace [ RunTime:0.001352s ]
INFO: [ app_end ] --END-- [ RunTime:0.001546s ]

[ 2017-05-22T18:44:03+08:00 ] ::1 /ThinkPHP/yanJing/index.php/Home/Index/index
INFO: [ app_begin ] --START--
INFO: Run Behavior\ReadHtmlCache [ RunTime:0.001227s ]
INFO: [ app_begin ] --END-- [ RunTime:0.002675s ]
SQL: SHOW COLUMNS FROM `goods` [ RunTime:0.007694s ]
SQL: SELECT `product`,`brand`,`Price`,`pe_img`,`describe` FROM `goods` WHERE ( `category` = '隐形眼镜' ) LIMIT 0,5   [ RunTime:0.000559s ]
INFO: [ app_end ] --START--
INFO: Run Behavior\ShowPageTrace [ RunTime:0.001338s ]
INFO: [ app_end ] --END-- [ RunTime:0.001563s ]

[ 2017-05-22T18:44:04+08:00 ] ::1 /ThinkPHP/yanJing/index.php/Home/Index/index
INFO: [ app_begin ] --START--
INFO: Run Behavior\ReadHtmlCache [ RunTime:0.001197s ]
INFO: [ app_begin ] --END-- [ RunTime:0.002591s ]
SQL: SHOW COLUMNS FROM `goods` [ RunTime:0.008687s ]
SQL: SELECT `product`,`brand`,`Price`,`pe_img`,`describe` FROM `goods` WHERE ( `category` = '隐形眼镜护理液' ) LIMIT 0,5   [ RunTime:0.000547s ]
INFO: [ app_end ] --START--
INFO: Run Behavior\ShowPageTrace [ RunTime:0.001422s ]
INFO: [ app_end ] --END-- [ RunTime:0.001653s ]

[ 2017-05-22T18:44:05+08:00 ] ::1 /ThinkPHP/yanJing/index.php/Home/Index/index
INFO: [ app_begin ] --START--
INFO: Run Behavior\ReadHtmlCache [ RunTime:0.000992s ]
INFO: [ app_begin ] --END-- [ RunTime:0.001926s ]
SQL: SHOW COLUMNS FROM `goods` [ RunTime:0.008535s ]
SQL: SELECT `product`,`brand`,`Price`,`pe_img`,`describe` FROM `goods` WHERE ( `category` = '隐形眼镜' ) LIMIT 0,5   [ RunTime:0.000546s ]
INFO: [ app_end ] --START--
INFO: Run Behavior\ShowPageTrace [ RunTime:0.001374s ]
INFO: [ app_end ] --END-- [ RunTime:0.001567s ]

[ 2017-05-22T18:44:32+08:00 ] ::1 /ThinkPHP/yanJing/index.php/Home/Index/index
INFO: [ app_begin ] --START--
INFO: Run Behavior\ReadHtmlCache [ RunTime:0.001223s ]
INFO: [ app_begin ] --END-- [ RunTime:0.003003s ]
SQL: SHOW COLUMNS FROM `goods` [ RunTime:0.009211s ]
SQL: SELECT `product`,`brand`,`Price`,`pe_img`,`describe` FROM `goods` WHERE ( `category` = '隐形眼镜护理液' ) LIMIT 0,5   [ RunTime:0.000615s ]
INFO: [ app_end ] --START--
INFO: Run Behavior\ShowPageTrace [ RunTime:0.001455s ]
INFO: [ app_end ] --END-- [ RunTime:0.001687s ]

[ 2017-05-22T18:44:33+08:00 ] ::1 /ThinkPHP/yanJing/index.php/Home/Index/index
INFO: [ app_begin ] --START--
INFO: Run Behavior\ReadHtmlCache [ RunTime:0.001013s ]
INFO: [ app_begin ] --END-- [ RunTime:0.001925s ]
SQL: SHOW COLUMNS FROM `goods` [ RunTime:0.008765s ]
SQL: SELECT `product`,`brand`,`Price`,`pe_img`,`describe` FROM `goods` WHERE ( `category` = '老花镜' ) LIMIT 0,5   [ RunTime:0.000567s ]
INFO: [ app_end ] --START--
INFO: Run Behavior\ShowPageTrace [ RunTime:0.001309s ]
INFO: [ app_end ] --END-- [ RunTime:0.001510s ]

[ 2017-05-22T18:44:34+08:00 ] ::1 /ThinkPHP/yanJing/index.php/Home/Index/index
INFO: [ app_begin ] --START--
INFO: Run Behavior\ReadHtmlCache [ RunTime:0.001120s ]
INFO: [ app_begin ] --END-- [ RunTime:0.002421s ]
SQL: SHOW COLUMNS FROM `goods` [ RunTime:0.008868s ]
SQL: SELECT `product`,`brand`,`Price`,`pe_img`,`describe` FROM `goods` WHERE ( `category` = '太阳镜 ' ) LIMIT 0,5   [ RunTime:0.000522s ]
INFO: [ app_end ] --START--
INFO: Run Behavior\ShowPageTrace [ RunTime:0.001369s ]
INFO: [ app_end ] --END-- [ RunTime:0.001566s ]

[ 2017-05-22T18:44:35+08:00 ] ::1 /ThinkPHP/yanJing/index.php/Home/Index/index
INFO: [ app_begin ] --START--
INFO: Run Behavior\ReadHtmlCache [ RunTime:0.001083s ]
INFO: [ app_begin ] --END-- [ RunTime:0.002095s ]
SQL: SHOW COLUMNS FROM `goods` [ RunTime:0.008531s ]
SQL: SELECT `product`,`brand`,`Price`,`pe_img`,`describe` FROM `goods` WHERE ( `category` = '隐形眼镜护理液' ) LIMIT 0,5   [ RunTime:0.000536s ]
INFO: [ app_end ] --START--
INFO: Run Behavior\ShowPageTrace [ RunTime:0.001354s ]
INFO: [ app_end ] --END-- [ RunTime:0.001564s ]

[ 2017-05-22T18:44:47+08:00 ] ::1 /ThinkPHP/yanJing/index.php/Home/Index/index
INFO: [ app_begin ] --START--
INFO: Run Behavior\ReadHtmlCache [ RunTime:0.001121s ]
INFO: [ app_begin ] --END-- [ RunTime:0.002244s ]
SQL: SHOW COLUMNS FROM `goods` [ RunTime:0.007990s ]
SQL: SELECT `product`,`brand`,`Price`,`pe_img`,`describe` FROM `goods` WHERE ( `category` = '隐形眼镜护理液' ) LIMIT 0,5   [ RunTime:0.000611s ]
INFO: [ app_end ] --START--
INFO: Run Behavior\ShowPageTrace [ RunTime:0.001360s ]
INFO: [ app_end ] --END-- [ RunTime:0.001593s ]

[ 2017-05-22T18:44:56+08:00 ] ::1 /ThinkPHP/yanJing/index.php/Home/Index/index
INFO: [ app_begin ] --START--
INFO: Run Behavior\ReadHtmlCache [ RunTime:0.001210s ]
INFO: [ app_begin ] --END-- [ RunTime:0.002391s ]
SQL: SHOW COLUMNS FROM `goods` [ RunTime:0.008138s ]
SQL: SELECT `product`,`brand`,`Price`,`pe_img`,`describe` FROM `goods` WHERE ( `category` = '太阳镜 ' ) LIMIT 0,5   [ RunTime:0.000569s ]
INFO: [ app_end ] --START--
INFO: Run Behavior\ShowPageTrace [ RunTime:0.001504s ]
INFO: [ app_end ] --END-- [ RunTime:0.001737s ]

[ 2017-05-22T18:45:00+08:00 ] ::1 /ThinkPHP/yanJing/index.php/Home/Index/index
INFO: [ app_begin ] --START--
INFO: Run Behavior\ReadHtmlCache [ RunTime:0.001028s ]
INFO: [ app_begin ] --END-- [ RunTime:0.002152s ]
SQL: SHOW COLUMNS FROM `goods` [ RunTime:0.008325s ]
SQL: SELECT `product`,`brand`,`Price`,`pe_img`,`describe` FROM `goods` WHERE ( `category` = '老花镜' ) LIMIT 0,5   [ RunTime:0.000562s ]
INFO: [ app_end ] --START--
INFO: Run Behavior\ShowPageTrace [ RunTime:0.001518s ]
INFO: [ app_end ] --END-- [ RunTime:0.001774s ]

[ 2017-05-22T18:45:03+08:00 ] ::1 /ThinkPHP/yanJing/index.php/Home/Index/jz
INFO: [ app_begin ] --START--
INFO: Run Behavior\ReadHtmlCache [ RunTime:0.001244s ]
INFO: [ app_begin ] --END-- [ RunTime:0.002418s ]
SQL: SHOW COLUMNS FROM `goods` [ RunTime:0.010734s ]
SQL: SELECT COUNT(ID) AS tp_count FROM `goods` LIMIT 1   [ RunTime:0.000460s ]
INFO: [ app_end ] --START--
INFO: Run Behavior\ShowPageTrace [ RunTime:0.001409s ]
INFO: [ app_end ] --END-- [ RunTime:0.001649s ]

[ 2017-05-22T18:45:08+08:00 ] ::1 /ThinkPHP/yanJing/index.php/Home/Index/index
INFO: [ app_begin ] --START--
INFO: Run Behavior\ReadHtmlCache [ RunTime:0.001830s ]
INFO: [ app_begin ] --END-- [ RunTime:0.003165s ]
SQL: SHOW COLUMNS FROM `goods` [ RunTime:0.011256s ]
SQL: SELECT `product`,`brand`,`Price`,`pe_img`,`describe` FROM `goods` WHERE ( `category` = '近视镜 ' ) LIMIT 0,5   [ RunTime:0.000887s ]
INFO: [ app_end ] --START--
INFO: Run Behavior\ShowPageTrace [ RunTime:0.001851s ]
INFO: [ app_end ] --END-- [ RunTime:0.002166s ]

[ 2017-05-22T18:45:14+08:00 ] ::1 /ThinkPHP/yanJing/index.php/Home/Index/jz
INFO: [ app_begin ] --START--
INFO: Run Behavior\ReadHtmlCache [ RunTime:0.002110s ]
INFO: [ app_begin ] --END-- [ RunTime:0.003985s ]
SQL: SHOW COLUMNS FROM `goods` [ RunTime:0.011372s ]
SQL: SELECT COUNT(ID) AS tp_count FROM `goods` LIMIT 1   [ RunTime:0.001481s ]
INFO: [ app_end ] --START--
INFO: Run Behavior\ShowPageTrace [ RunTime:0.002150s ]
INFO: [ app_end ] --END-- [ RunTime:0.002393s ]

[ 2017-05-22T18:45:18+08:00 ] ::1 /ThinkPHP/yanJing/index.php/Home/Index/index
INFO: [ app_begin ] --START--
INFO: Run Behavior\ReadHtmlCache [ RunTime:0.001361s ]
INFO: [ app_begin ] --END-- [ RunTime:0.002631s ]
SQL: SHOW COLUMNS FROM `goods` [ RunTime:0.009941s ]
SQL: SELECT `product`,`brand`,`Price`,`pe_img`,`describe` FROM `goods` WHERE ( `category` = '隐形眼镜' ) LIMIT 0,5   [ RunTime:0.000773s ]
INFO: [ app_end ] --START--
INFO: Run Behavior\ShowPageTrace [ RunTime:0.001485s ]
INFO: [ app_end ] --END-- [ RunTime:0.001744s ]

[ 2017-05-22T18:46:42+08:00 ] ::1 /ThinkPHP/yanJing/index.php/Home/Index/index
INFO: [ app_begin ] --START--
INFO: Run Behavior\ReadHtmlCache [ RunTime:0.001276s ]
INFO: [ app_begin ] --END-- [ RunTime:0.002359s ]
SQL: SHOW COLUMNS FROM `goods` [ RunTime:0.010975s ]
SQL: SELECT `product`,`brand`,`Price`,`pe_img`,`describe` FROM `goods` WHERE ( `category` = '老花镜' ) LIMIT 0,5   [ RunTime:0.000646s ]
INFO: [ app_end ] --START--
INFO: Run Behavior\ShowPageTrace [ RunTime:0.001454s ]
INFO: [ app_end ] --END-- [ RunTime:0.001720s ]

[ 2017-05-22T18:46:44+08:00 ] ::1 /ThinkPHP/yanJing/index.php/Home/Index/index
INFO: [ app_begin ] --START--
INFO: Run Behavior\ReadHtmlCache [ RunTime:0.001200s ]
INFO: [ app_begin ] --END-- [ RunTime:0.002372s ]
SQL: SHOW COLUMNS FROM `goods` [ RunTime:0.011179s ]
SQL: SELECT `product`,`brand`,`Price`,`pe_img`,`describe` FROM `goods` WHERE ( `category` = '太阳镜 ' ) LIMIT 0,5   [ RunTime:0.000706s ]
INFO: [ app_end ] --START--
INFO: Run Behavior\ShowPageTrace [ RunTime:0.001710s ]
INFO: [ app_end ] --END-- [ RunTime:0.002010s ]

[ 2017-05-22T18:46:45+08:00 ] ::1 /ThinkPHP/yanJing/index.php/Home/Index/index
INFO: [ app_begin ] --START--
INFO: Run Behavior\ReadHtmlCache [ RunTime:0.001169s ]
INFO: [ app_begin ] --END-- [ RunTime:0.002595s ]
SQL: SHOW COLUMNS FROM `goods` [ RunTime:0.011077s ]
SQL: SELECT `product`,`brand`,`Price`,`pe_img`,`describe` FROM `goods` WHERE ( `category` = '隐形眼镜护理液' ) LIMIT 0,5   [ RunTime:0.000829s ]
INFO: [ app_end ] --START--
INFO: Run Behavior\ShowPageTrace [ RunTime:0.001553s ]
INFO: [ app_end ] --END-- [ RunTime:0.001830s ]

[ 2017-05-22T18:47:11+08:00 ] ::1 /ThinkPHP/yanJing/index.php/Home/Index/index
INFO: [ app_begin ] --START--
INFO: Run Behavior\ReadHtmlCache [ RunTime:0.001417s ]
INFO: [ app_begin ] --END-- [ RunTime:0.002848s ]
SQL: SHOW COLUMNS FROM `goods` [ RunTime:0.013244s ]
SQL: SELECT `product`,`brand`,`Price`,`pe_img`,`describe` FROM `goods` WHERE ( `category` = '隐形眼镜护理液' ) LIMIT 0,5   [ RunTime:0.000802s ]
INFO: [ app_end ] --START--
INFO: Run Behavior\ShowPageTrace [ RunTime:0.001736s ]
INFO: [ app_end ] --END-- [ RunTime:0.002053s ]

[ 2017-05-22T18:51:47+08:00 ] 172.18.160.17 /ThinkPHP/yanJing/index.php/Home/Index/index
INFO: [ app_begin ] --START--
INFO: Run Behavior\ReadHtmlCache [ RunTime:0.001355s ]
INFO: [ app_begin ] --END-- [ RunTime:0.002576s ]
SQL: SHOW COLUMNS FROM `goods` [ RunTime:0.008125s ]
SQL: SELECT `product`,`brand`,`Price`,`pe_img`,`describe` FROM `goods` WHERE ( `category` = '老花镜' ) LIMIT 0,5   [ RunTime:0.000535s ]
INFO: [ app_end ] --START--
INFO: Run Behavior\ShowPageTrace [ RunTime:0.001341s ]
INFO: [ app_end ] --END-- [ RunTime:0.001559s ]

[ 2017-05-22T18:52:02+08:00 ] 172.18.160.17 /ThinkPHP/yanJing/index.php/Home/Index/index
INFO: [ app_begin ] --START--
INFO: Run Behavior\ReadHtmlCache [ RunTime:0.001679s ]
INFO: [ app_begin ] --END-- [ RunTime:0.002952s ]
SQL: SHOW COLUMNS FROM `goods` [ RunTime:0.010459s ]
SQL: SELECT `product`,`brand`,`Price`,`pe_img`,`describe` FROM `goods` WHERE ( `category` = '太阳镜 ' ) LIMIT 0,5   [ RunTime:0.000761s ]
INFO: [ app_end ] --START--
INFO: Run Behavior\ShowPageTrace [ RunTime:0.001845s ]
INFO: [ app_end ] --END-- [ RunTime:0.002095s ]

[ 2017-05-22T18:56:16+08:00 ] 172.18.160.17 /ThinkPHP/yanJing/index.php/Home/Index/index
INFO: [ app_begin ] --START--
INFO: Run Behavior\ReadHtmlCache [ RunTime:0.001745s ]
INFO: [ app_begin ] --END-- [ RunTime:0.003237s ]
SQL: SHOW COLUMNS FROM `goods` [ RunTime:0.008347s ]
SQL: SELECT `product`,`brand`,`Price`,`pe_img`,`describe` FROM `goods` WHERE ( `category` = '老花镜' ) LIMIT 0,5   [ RunTime:0.000536s ]
INFO: [ app_end ] --START--
INFO: Run Behavior\ShowPageTrace [ RunTime:0.001662s ]
INFO: [ app_end ] --END-- [ RunTime:0.001937s ]

[ 2017-05-22T18:56:23+08:00 ] 172.18.160.17 /ThinkPHP/yanJing/index.php/Home/Index/index
INFO: [ app_begin ] --START--
INFO: Run Behavior\ReadHtmlCache [ RunTime:0.001458s ]
INFO: [ app_begin ] --END-- [ RunTime:0.002721s ]
SQL: SHOW COLUMNS FROM `goods` [ RunTime:0.007619s ]
SQL: SELECT `product`,`brand`,`Price`,`pe_img`,`describe` FROM `goods` WHERE ( `category` = '近视镜 ' ) LIMIT 0,5   [ RunTime:0.000583s ]
INFO: [ app_end ] --START--
INFO: Run Behavior\ShowPageTrace [ RunTime:0.001415s ]
INFO: [ app_end ] --END-- [ RunTime:0.001647s ]

[ 2017-05-22T18:56:31+08:00 ] 172.18.160.17 /ThinkPHP/yanJing/index.php/Home/Index/index
INFO: [ app_begin ] --START--
INFO: Run Behavior\ReadHtmlCache [ RunTime:0.001719s ]
INFO: [ app_begin ] --END-- [ RunTime:0.003037s ]
SQL: SHOW COLUMNS FROM `goods` [ RunTime:0.009006s ]
SQL: SELECT `product`,`brand`,`Price`,`pe_img`,`describe` FROM `goods` WHERE ( `category` = '老花镜' ) LIMIT 0,5   [ RunTime:0.000576s ]
INFO: [ app_end ] --START--
INFO: Run Behavior\ShowPageTrace [ RunTime:0.001320s ]
INFO: [ app_end ] --END-- [ RunTime:0.001518s ]

[ 2017-05-22T18:57:05+08:00 ] 172.18.160.17 /ThinkPHP/yanJing/index.php/Home/Index/index
INFO: [ app_begin ] --START--
INFO: Run Behavior\ReadHtmlCache [ RunTime:0.002406s ]
INFO: [ app_begin ] --END-- [ RunTime:0.004733s ]
SQL: SHOW COLUMNS FROM `goods` [ RunTime:0.008309s ]
SQL: SELECT `product`,`brand`,`Price`,`pe_img`,`describe` FROM `goods` WHERE ( `category` = '隐形眼镜' ) LIMIT 0,5   [ RunTime:0.000633s ]
INFO: [ app_end ] --START--
INFO: Run Behavior\ShowPageTrace [ RunTime:0.001360s ]
INFO: [ app_end ] --END-- [ RunTime:0.001565s ]

[ 2017-05-22T18:57:08+08:00 ] 172.18.160.17 /ThinkPHP/yanJing/index.php/Home/Index/index
INFO: [ app_begin ] --START--
INFO: Run Behavior\ReadHtmlCache [ RunTime:0.001328s ]
INFO: [ app_begin ] --END-- [ RunTime:0.002539s ]
SQL: SHOW COLUMNS FROM `goods` [ RunTime:0.007928s ]
SQL: SELECT `product`,`brand`,`Price`,`pe_img`,`describe` FROM `goods` WHERE ( `category` = '近视镜 ' ) LIMIT 0,5   [ RunTime:0.000671s ]
INFO: [ app_end ] --START--
INFO: Run Behavior\ShowPageTrace [ RunTime:0.001484s ]
INFO: [ app_end ] --END-- [ RunTime:0.001743s ]

[ 2017-05-22T18:57:11+08:00 ] 172.18.160.17 /ThinkPHP/yanJing/index.php/Home/Index/index
INFO: [ app_begin ] --START--
INFO: Run Behavior\ReadHtmlCache [ RunTime:0.001031s ]
INFO: [ app_begin ] --END-- [ RunTime:0.002140s ]
SQL: SHOW COLUMNS FROM `goods` [ RunTime:0.007997s ]
SQL: SELECT `product`,`brand`,`Price`,`pe_img`,`describe` FROM `goods` WHERE ( `category` = '老花镜' ) LIMIT 0,5   [ RunTime:0.000676s ]
INFO: [ app_end ] --START--
INFO: Run Behavior\ShowPageTrace [ RunTime:0.001376s ]
INFO: [ app_end ] --END-- [ RunTime:0.001566s ]

[ 2017-05-22T18:57:14+08:00 ] 172.18.160.17 /ThinkPHP/yanJing/index.php/Home/Index/index
INFO: [ app_begin ] --START--
INFO: Run Behavior\ReadHtmlCache [ RunTime:0.001451s ]
INFO: [ app_begin ] --END-- [ RunTime:0.002899s ]
SQL: SHOW COLUMNS FROM `goods` [ RunTime:0.008414s ]
SQL: SELECT `product`,`brand`,`Price`,`pe_img`,`describe` FROM `goods` WHERE ( `category` = '隐形眼镜护理液' ) LIMIT 0,5   [ RunTime:0.000603s ]
INFO: [ app_end ] --START--
INFO: Run Behavior\ShowPageTrace [ RunTime:0.001368s ]
INFO: [ app_end ] --END-- [ RunTime:0.001587s ]

[ 2017-05-22T18:57:17+08:00 ] 172.18.160.17 /ThinkPHP/yanJing/index.php/Home/Index/index
INFO: [ app_begin ] --START--
INFO: Run Behavior\ReadHtmlCache [ RunTime:0.001486s ]
INFO: [ app_begin ] --END-- [ RunTime:0.002694s ]
SQL: SHOW COLUMNS FROM `goods` [ RunTime:0.007848s ]
SQL: SELECT `product`,`brand`,`Price`,`pe_img`,`describe` FROM `goods` WHERE ( `category` = '太阳镜 ' ) LIMIT 0,5   [ RunTime:0.000658s ]
INFO: [ app_end ] --START--
INFO: Run Behavior\ShowPageTrace [ RunTime:0.001353s ]
INFO: [ app_end ] --END-- [ RunTime:0.001542s ]

[ 2017-05-22T18:57:20+08:00 ] 172.18.160.17 /ThinkPHP/yanJing/index.php/Home/Index/jz
INFO: [ app_begin ] --START--
INFO: Run Behavior\ReadHtmlCache [ RunTime:0.001050s ]
INFO: [ app_begin ] --END-- [ RunTime:0.002075s ]
SQL: SHOW COLUMNS FROM `goods` [ RunTime:0.008372s ]
SQL: SELECT COUNT(ID) AS tp_count FROM `goods` LIMIT 1   [ RunTime:0.000470s ]
INFO: [ app_end ] --START--
INFO: Run Behavior\ShowPageTrace [ RunTime:0.001313s ]
INFO: [ app_end ] --END-- [ RunTime:0.001521s ]

[ 2017-05-22T18:57:26+08:00 ] 172.18.160.17 /ThinkPHP/yanJing/index.php/Home/Index/index
INFO: [ app_begin ] --START--
INFO: Run Behavior\ReadHtmlCache [ RunTime:0.002675s ]
INFO: [ app_begin ] --END-- [ RunTime:0.005040s ]
SQL: SHOW COLUMNS FROM `goods` [ RunTime:0.008438s ]
SQL: SELECT `product`,`brand`,`Price`,`pe_img`,`describe` FROM `goods` WHERE ( `category` = '老花镜' ) LIMIT 0,5   [ RunTime:0.000587s ]
INFO: [ app_end ] --START--
INFO: Run Behavior\ShowPageTrace [ RunTime:0.001332s ]
INFO: [ app_end ] --END-- [ RunTime:0.001518s ]

[ 2017-05-22T19:00:48+08:00 ] ::1 /ThinkPHP/yanJing/index.php/Home/Index/index
INFO: [ app_begin ] --START--
INFO: Run Behavior\ReadHtmlCache [ RunTime:0.002408s ]
INFO: [ app_begin ] --END-- [ RunTime:0.004168s ]
SQL: SHOW COLUMNS FROM `goods` [ RunTime:0.008142s ]
SQL: SELECT `product`,`brand`,`Price`,`pe_img`,`describe` FROM `goods` WHERE ( `category` = '隐形眼镜护理液' ) LIMIT 0,5   [ RunTime:0.000566s ]
INFO: [ app_end ] --START--
INFO: Run Behavior\ShowPageTrace [ RunTime:0.001319s ]
INFO: [ app_end ] --END-- [ RunTime:0.001509s ]

[ 2017-05-22T19:00:59+08:00 ] 172.18.160.17 /ThinkPHP/yanJing/index.php/Home/Index/index
INFO: [ app_begin ] --START--
INFO: Run Behavior\ReadHtmlCache [ RunTime:0.001003s ]
INFO: [ app_begin ] --END-- [ RunTime:0.001922s ]
SQL: SHOW COLUMNS FROM `goods` [ RunTime:0.008554s ]
SQL: SELECT `product`,`brand`,`Price`,`pe_img`,`describe` FROM `goods` WHERE ( `category` = '隐形眼镜' ) LIMIT 0,5   [ RunTime:0.000545s ]
INFO: [ app_end ] --START--
INFO: Run Behavior\ShowPageTrace [ RunTime:0.001324s ]
INFO: [ app_end ] --END-- [ RunTime:0.001515s ]

[ 2017-05-22T19:01:00+08:00 ] 172.18.160.17 /ThinkPHP/yanJing/index.php/Home/Index/index
INFO: [ app_begin ] --START--
INFO: Run Behavior\ReadHtmlCache [ RunTime:0.001532s ]
INFO: [ app_begin ] --END-- [ RunTime:0.002864s ]
SQL: SHOW COLUMNS FROM `goods` [ RunTime:0.007977s ]
SQL: SELECT `product`,`brand`,`Price`,`pe_img`,`describe` FROM `goods` WHERE ( `category` = '隐形眼镜护理液' ) LIMIT 0,5   [ RunTime:0.000531s ]
INFO: [ app_end ] --START--
INFO: Run Behavior\ShowPageTrace [ RunTime:0.001382s ]
INFO: [ app_end ] --END-- [ RunTime:0.001588s ]

[ 2017-05-22T19:01:01+08:00 ] 172.18.160.17 /ThinkPHP/yanJing/index.php/Home/Index/index
INFO: [ app_begin ] --START--
INFO: Run Behavior\ReadHtmlCache [ RunTime:0.000972s ]
INFO: [ app_begin ] --END-- [ RunTime:0.001880s ]
SQL: SHOW COLUMNS FROM `goods` [ RunTime:0.007769s ]
SQL: SELECT `product`,`brand`,`Price`,`pe_img`,`describe` FROM `goods` WHERE ( `category` = '隐形眼镜' ) LIMIT 0,5   [ RunTime:0.000532s ]
INFO: [ app_end ] --START--
INFO: Run Behavior\ShowPageTrace [ RunTime:0.001407s ]
INFO: [ app_end ] --END-- [ RunTime:0.001614s ]

[ 2017-05-22T19:01:02+08:00 ] 172.18.160.17 /ThinkPHP/yanJing/index.php/Home/Index/index
INFO: [ app_begin ] --START--
INFO: Run Behavior\ReadHtmlCache [ RunTime:0.001480s ]
INFO: [ app_begin ] --END-- [ RunTime:0.002936s ]
SQL: SHOW COLUMNS FROM `goods` [ RunTime:0.008190s ]
SQL: SELECT `product`,`brand`,`Price`,`pe_img`,`describe` FROM `goods` WHERE ( `category` = '太阳镜 ' ) LIMIT 0,5   [ RunTime:0.000593s ]
INFO: [ app_end ] --START--
INFO: Run Behavior\ShowPageTrace [ RunTime:0.001331s ]
INFO: [ app_end ] --END-- [ RunTime:0.001528s ]

[ 2017-05-22T19:01:03+08:00 ] 172.18.160.17 /ThinkPHP/yanJing/index.php/Home/Index/index
INFO: [ app_begin ] --START--
INFO: Run Behavior\ReadHtmlCache [ RunTime:0.001006s ]
INFO: [ app_begin ] --END-- [ RunTime:0.001918s ]
SQL: SHOW COLUMNS FROM `goods` [ RunTime:0.008680s ]
SQL: SELECT `product`,`brand`,`Price`,`pe_img`,`describe` FROM `goods` WHERE ( `category` = '老花镜' ) LIMIT 0,5   [ RunTime:0.000645s ]
INFO: [ app_end ] --START--
INFO: Run Behavior\ShowPageTrace [ RunTime:0.001361s ]
INFO: [ app_end ] --END-- [ RunTime:0.001552s ]

[ 2017-05-22T19:01:06+08:00 ] 172.18.160.17 /ThinkPHP/yanJing/index.php/Home/Index/jz
INFO: [ app_begin ] --START--
INFO: Run Behavior\ReadHtmlCache [ RunTime:0.001829s ]
INFO: [ app_begin ] --END-- [ RunTime:0.003293s ]
SQL: SHOW COLUMNS FROM `goods` [ RunTime:0.009149s ]
SQL: SELECT COUNT(ID) AS tp_count FROM `goods` LIMIT 1   [ RunTime:0.000541s ]
INFO: [ app_end ] --START--
INFO: Run Behavior\ShowPageTrace [ RunTime:0.001340s ]
INFO: [ app_end ] --END-- [ RunTime:0.001556s ]

[ 2017-05-22T19:01:08+08:00 ] 172.18.160.17 /ThinkPHP/yanJing/index.php/Home/Index/index
INFO: [ app_begin ] --START--
INFO: Run Behavior\ReadHtmlCache [ RunTime:0.001741s ]
INFO: [ app_begin ] --END-- [ RunTime:0.002960s ]
SQL: SHOW COLUMNS FROM `goods` [ RunTime:0.007649s ]
SQL: SELECT `product`,`brand`,`Price`,`pe_img`,`describe` FROM `goods` WHERE ( `category` = '太阳镜 ' ) LIMIT 0,5   [ RunTime:0.000638s ]
INFO: [ app_end ] --START--
INFO: Run Behavior\ShowPageTrace [ RunTime:0.001374s ]
INFO: [ app_end ] --END-- [ RunTime:0.001566s ]

[ 2017-05-22T19:01:10+08:00 ] 172.18.160.17 /ThinkPHP/yanJing/index.php/Home/Index/jz
INFO: [ app_begin ] --START--
INFO: Run Behavior\ReadHtmlCache [ RunTime:0.001104s ]
INFO: [ app_begin ] --END-- [ RunTime:0.002140s ]
SQL: SHOW COLUMNS FROM `goods` [ RunTime:0.007760s ]
SQL: SELECT COUNT(ID) AS tp_count FROM `goods` LIMIT 1   [ RunTime:0.000482s ]
INFO: [ app_end ] --START--
INFO: Run Behavior\ShowPageTrace [ RunTime:0.001552s ]
INFO: [ app_end ] --END-- [ RunTime:0.001799s ]

[ 2017-05-22T19:27:40+08:00 ] 172.18.160.17 /ThinkPHP/yanJing/index.php/Home/Index/dist/idangerous.swiper.min.js
ERR: 非法操作:dist

[ 2017-05-22T19:27:40+08:00 ] 172.18.160.17 /ThinkPHP/yanJing/index.php/Home/Index/dist/idangerous.swiper.min.js
ERR: 非法操作:dist

[ 2017-05-22T19:27:51+08:00 ] 172.18.160.17 /ThinkPHP/yanJing/index.php/Home/Index/dist/idangerous.swiper.min.js
ERR: 非法操作:dist

[ 2017-05-22T19:27:51+08:00 ] 172.18.160.17 /ThinkPHP/yanJing/index.php/Home/Index/dist/idangerous.swiper.min.js
ERR: 非法操作:dist

[ 2017-05-22T20:40:30+08:00 ] 172.18.160.17 /ThinkPHP/yanJing/index.php/Home/Index/index
INFO: [ app_begin ] --START--
INFO: Run Behavior\ReadHtmlCache [ RunTime:0.001683s ]
INFO: [ app_begin ] --END-- [ RunTime:0.003061s ]
SQL: SHOW COLUMNS FROM `goods` [ RunTime:0.013662s ]
SQL: SELECT `product`,`brand`,`Price`,`pe_img`,`describe` FROM `goods` WHERE ( `category` = '近视镜 ' ) LIMIT 0,5   [ RunTime:0.001028s ]
INFO: [ app_end ] --START--
INFO: Run Behavior\ShowPageTrace [ RunTime:0.001728s ]
INFO: [ app_end ] --END-- [ RunTime:0.002011s ]

[ 2017-05-22T20:40:31+08:00 ] 172.18.160.17 /ThinkPHP/yanJing/index.php/Home/Index/index
INFO: [ app_begin ] --START--
INFO: Run Behavior\ReadHtmlCache [ RunTime:0.001515s ]
INFO: [ app_begin ] --END-- [ RunTime:0.002882s ]
SQL: SHOW COLUMNS FROM `goods` [ RunTime:0.011895s ]
SQL: SELECT `product`,`brand`,`Price`,`pe_img`,`describe` FROM `goods` WHERE ( `category` = '老花镜' ) LIMIT 0,5   [ RunTime:0.001662s ]
INFO: [ app_end ] --START--
INFO: Run Behavior\ShowPageTrace [ RunTime:0.001902s ]
INFO: [ app_end ] --END-- [ RunTime:0.002273s ]

[ 2017-05-22T20:40:32+08:00 ] 172.18.160.17 /ThinkPHP/yanJing/index.php/Home/Index/index
INFO: [ app_begin ] --START--
INFO: Run Behavior\ReadHtmlCache [ RunTime:0.001405s ]
INFO: [ app_begin ] --END-- [ RunTime:0.003083s ]
SQL: SHOW COLUMNS FROM `goods` [ RunTime:0.008611s ]
SQL: SELECT `product`,`brand`,`Price`,`pe_img`,`describe` FROM `goods` WHERE ( `category` = '太阳镜 ' ) LIMIT 0,5   [ RunTime:0.000648s ]
INFO: [ app_end ] --START--
INFO: Run Behavior\ShowPageTrace [ RunTime:0.001438s ]
INFO: [ app_end ] --END-- [ RunTime:0.001668s ]

[ 2017-05-22T20:40:33+08:00 ] 172.18.160.17 /ThinkPHP/yanJing/index.php/Home/Index/index
INFO: [ app_begin ] --START--
INFO: Run Behavior\ReadHtmlCache [ RunTime:0.001361s ]
INFO: [ app_begin ] --END-- [ RunTime:0.002511s ]
SQL: SHOW COLUMNS FROM `goods` [ RunTime:0.007943s ]
SQL: SELECT `product`,`brand`,`Price`,`pe_img`,`describe` FROM `goods` WHERE ( `category` = '隐形眼镜护理液' ) LIMIT 0,5   [ RunTime:0.000686s ]
INFO: [ app_end ] --START--
INFO: Run Behavior\ShowPageTrace [ RunTime:0.001341s ]
INFO: [ app_end ] --END-- [ RunTime:0.001529s ]

[ 2017-05-22T20:40:33+08:00 ] 172.18.160.17 /ThinkPHP/yanJing/index.php/Home/Index/index
INFO: [ app_begin ] --START--
INFO: Run Behavior\ReadHtmlCache [ RunTime:0.001324s ]
INFO: [ app_begin ] --END-- [ RunTime:0.002539s ]
SQL: SHOW COLUMNS FROM `goods` [ RunTime:0.010992s ]
SQL: SELECT `product`,`brand`,`Price`,`pe_img`,`describe` FROM `goods` WHERE ( `category` = '隐形眼镜' ) LIMIT 0,5   [ RunTime:0.001858s ]
INFO: [ app_end ] --START--
INFO: Run Behavior\ShowPageTrace [ RunTime:0.002465s ]
INFO: [ app_end ] --END-- [ RunTime:0.002887s ]

[ 2017-05-22T20:40:35+08:00 ] 172.18.160.17 /ThinkPHP/yanJing/index.php/Home/Index/index
INFO: [ app_begin ] --START--
INFO: Run Behavior\ReadHtmlCache [ RunTime:0.001025s ]
INFO: [ app_begin ] --END-- [ RunTime:0.001967s ]
SQL: SHOW COLUMNS FROM `goods` [ RunTime:0.008505s ]
SQL: SELECT `product`,`brand`,`Price`,`pe_img`,`describe` FROM `goods` WHERE ( `category` = '隐形眼镜护理液' ) LIMIT 0,5   [ RunTime:0.000588s ]
INFO: [ app_end ] --START--
INFO: Run Behavior\ShowPageTrace [ RunTime:0.001400s ]
INFO: [ app_end ] --END-- [ RunTime:0.001613s ]

[ 2017-05-22T20:40:36+08:00 ] 172.18.160.17 /ThinkPHP/yanJing/index.php/Home/Index/index
INFO: [ app_begin ] --START--
INFO: Run Behavior\ReadHtmlCache [ RunTime:0.001470s ]
INFO: [ app_begin ] --END-- [ RunTime:0.002683s ]
SQL: SHOW COLUMNS FROM `goods` [ RunTime:0.010227s ]
SQL: SELECT `product`,`brand`,`Price`,`pe_img`,`describe` FROM `goods` WHERE ( `category` = '太阳镜 ' ) LIMIT 0,5   [ RunTime:0.000820s ]
INFO: [ app_end ] --START--
INFO: Run Behavior\ShowPageTrace [ RunTime:0.001597s ]
INFO: [ app_end ] --END-- [ RunTime:0.001853s ]

[ 2017-05-22T20:40:37+08:00 ] 172.18.160.17 /ThinkPHP/yanJing/index.php/Home/Index/index
INFO: [ app_begin ] --START--
INFO: Run Behavior\ReadHtmlCache [ RunTime:0.001102s ]
INFO: [ app_begin ] --END-- [ RunTime:0.002137s ]
SQL: SHOW COLUMNS FROM `goods` [ RunTime:0.008998s ]
SQL: SELECT `product`,`brand`,`Price`,`pe_img`,`describe` FROM `goods` WHERE ( `category` = '老花镜' ) LIMIT 0,5   [ RunTime:0.000598s ]
INFO: [ app_end ] --START--
INFO: Run Behavior\ShowPageTrace [ RunTime:0.001324s ]
INFO: [ app_end ] --END-- [ RunTime:0.001510s ]

[ 2017-05-22T20:40:37+08:00 ] 172.18.160.17 /ThinkPHP/yanJing/index.php/Home/Index/index
INFO: [ app_begin ] --START--
INFO: Run Behavior\ReadHtmlCache [ RunTime:0.001088s ]
INFO: [ app_begin ] --END-- [ RunTime:0.002215s ]
SQL: SHOW COLUMNS FROM `goods` [ RunTime:0.009313s ]
SQL: SELECT `product`,`brand`,`Price`,`pe_img`,`describe` FROM `goods` WHERE ( `category` = '近视镜 ' ) LIMIT 0,5   [ RunTime:0.000734s ]
INFO: [ app_end ] --START--
INFO: Run Behavior\ShowPageTrace [ RunTime:0.001695s ]
INFO: [ app_end ] --END-- [ RunTime:0.001967s ]

[ 2017-05-22T20:40:38+08:00 ] 172.18.160.17 /ThinkPHP/yanJing/index.php/Home/Index/index
INFO: [ app_begin ] --START--
INFO: Run Behavior\ReadHtmlCache [ RunTime:0.001885s ]
INFO: [ app_begin ] --END-- [ RunTime:0.003013s ]
SQL: SHOW COLUMNS FROM `goods` [ RunTime:0.007873s ]
SQL: SELECT `product`,`brand`,`Price`,`pe_img`,`describe` FROM `goods` WHERE ( `category` = '隐形眼镜' ) LIMIT 0,5   [ RunTime:0.000824s ]
INFO: [ app_end ] --START--
INFO: Run Behavior\ShowPageTrace [ RunTime:0.001516s ]
INFO: [ app_end ] --END-- [ RunTime:0.001722s ]

[ 2017-05-22T20:40:39+08:00 ] 172.18.160.17 /ThinkPHP/yanJing/index.php/Home/Index/index
INFO: [ app_begin ] --START--
INFO: Run Behavior\ReadHtmlCache [ RunTime:0.001342s ]
INFO: [ app_begin ] --END-- [ RunTime:0.002662s ]
SQL: SHOW COLUMNS FROM `goods` [ RunTime:0.007881s ]
SQL: SELECT `product`,`brand`,`Price`,`pe_img`,`describe` FROM `goods` WHERE ( `category` = '太阳镜 ' ) LIMIT 0,5   [ RunTime:0.000533s ]
INFO: [ app_end ] --START--
INFO: Run Behavior\ShowPageTrace [ RunTime:0.001364s ]
INFO: [ app_end ] --END-- [ RunTime:0.001559s ]

