[ 2017-04-28T19:33:11+08:00 ] ::1 /ThinkPHP/yanJing/index.php/Admin/Member/grand
INFO: [ app_begin ] --START--
INFO: Run Behavior\ReadHtmlCache [ RunTime:0.001452s ]
INFO: [ app_begin ] --END-- [ RunTime:0.002695s ]
SQL: SHOW COLUMNS FROM `member` [ RunTime:0.008757s ]
SQL: SELECT `name`,`cell`,`Time` FROM `member` WHERE ( `ID` = 22 ) LIMIT 1   [ RunTime:0.000512s ]
SQL: SELECT `name`,`cell`,`Time` FROM `member` WHERE ( `ID` = 25 ) LIMIT 1   [ RunTime:0.000290s ]
INFO: [ app_end ] --START--
INFO: Run Behavior\ShowPageTrace [ RunTime:0.001315s ]
INFO: [ app_end ] --END-- [ RunTime:0.001517s ]

[ 2017-04-28T19:33:22+08:00 ] ::1 /ThinkPHP/yanJing/index.php/Admin/Member/grand
INFO: [ app_begin ] --START--
INFO: Run Behavior\ReadHtmlCache [ RunTime:0.001472s ]
INFO: [ app_begin ] --END-- [ RunTime:0.002771s ]
SQL: SHOW COLUMNS FROM `member` [ RunTime:0.011388s ]
SQL: SELECT `name`,`cell`,`Time` FROM `member` WHERE ( `ID` = 23 ) LIMIT 1   [ RunTime:0.000669s ]
SQL: SELECT `name`,`cell`,`Time` FROM `member` WHERE ( `ID` = 30 ) LIMIT 1   [ RunTime:0.000658s ]
INFO: [ app_end ] --START--
INFO: Run Behavior\ShowPageTrace [ RunTime:0.001974s ]
INFO: [ app_end ] --END-- [ RunTime:0.002296s ]

[ 2017-04-28T19:33:26+08:00 ] ::1 /ThinkPHP/yanJing/index.php/Admin/Member/grand
INFO: [ app_begin ] --START--
INFO: Run Behavior\ReadHtmlCache [ RunTime:0.001700s ]
INFO: [ app_begin ] --END-- [ RunTime:0.002998s ]
SQL: SHOW COLUMNS FROM `member` [ RunTime:0.011083s ]
SQL: SELECT `name`,`cell`,`Time` FROM `member` WHERE ( `ID` = 33 ) LIMIT 1   [ RunTime:0.000669s ]
INFO: [ app_end ] --START--
INFO: Run Behavior\ShowPageTrace [ RunTime:0.001826s ]
INFO: [ app_end ] --END-- [ RunTime:0.002111s ]

[ 2017-04-28T19:34:20+08:00 ] ::1 /ThinkPHP/yanJing/index.php/Admin/Member/xq
INFO: [ app_begin ] --START--
INFO: Run Behavior\ReadHtmlCache [ RunTime:0.002231s ]
INFO: [ app_begin ] --END-- [ RunTime:0.004203s ]
SQL: SHOW COLUMNS FROM `member` [ RunTime:0.020975s ]
SQL: SELECT `password` FROM `member` WHERE ( `ID` = 21 ) LIMIT 1   [ RunTime:0.000841s ]
SQL: UPDATE `member` SET `Untreated`=0,`treated`=140 WHERE ( `ID` = 21 ) [ RunTime:0.002551s ]
INFO: [ app_end ] --START--
INFO: Run Behavior\ShowPageTrace [ RunTime:0.002787s ]
INFO: [ app_end ] --END-- [ RunTime:0.003246s ]

