[ 2017-05-25T14:33:55+08:00 ] ::1 /ThinkPHP/yanJing/index.php/Home/User/logo
INFO: [ app_begin ] --START--
INFO: Run Behavior\ReadHtmlCache [ RunTime:0.001068s ]
INFO: [ app_begin ] --END-- [ RunTime:0.002007s ]
SQL: SHOW COLUMNS FROM `member` [ RunTime:0.007929s ]
SQL: SELECT `password`,`ID`,`name` FROM `member` WHERE ( `cell` = '1' )  [ RunTime:0.000515s ]
INFO: [ app_end ] --START--
INFO: Run Behavior\ShowPageTrace [ RunTime:0.001301s ]
INFO: [ app_end ] --END-- [ RunTime:0.001487s ]

[ 2017-05-25T14:35:14+08:00 ] ::1 /ThinkPHP/yanJing/index.php/Home/User/modify
INFO: [ app_begin ] --START--
INFO: Run Behavior\ReadHtmlCache [ RunTime:0.001065s ]
INFO: [ app_begin ] --END-- [ RunTime:0.002004s ]
SQL: SHOW COLUMNS FROM `member` [ RunTime:0.008442s ]
SQL: UPDATE `member` SET `cell`='2',`address`='2' WHERE ( `ID` = 8 ) [ RunTime:0.031735s ]
ERR: 1062:Duplicate entry '2' for key 'cell'
 [ SQL语句 ] : UPDATE `member` SET `cell`='2',`address`='2' WHERE ( `ID` = 8 )

[ 2017-05-25T14:36:47+08:00 ] ::1 /ThinkPHP/yanJing/index.php/Home/User/modify
INFO: [ app_begin ] --START--
INFO: Run Behavior\ReadHtmlCache [ RunTime:0.001767s ]
INFO: [ app_begin ] --END-- [ RunTime:0.003092s ]
SQL: SHOW COLUMNS FROM `member` [ RunTime:0.009065s ]
SQL: UPDATE `member` SET `cell`='2',`address`='2' WHERE ( `ID` = 8 ) [ RunTime:0.001502s ]
ERR: 1062:Duplicate entry '2' for key 'cell'
 [ SQL语句 ] : UPDATE `member` SET `cell`='2',`address`='2' WHERE ( `ID` = 8 )

[ 2017-05-25T14:44:02+08:00 ] ::1 /ThinkPHP/yanJing/index.php/Home/User/logo
INFO: [ app_begin ] --START--
INFO: Run Behavior\ReadHtmlCache [ RunTime:0.001731s ]
INFO: [ app_begin ] --END-- [ RunTime:0.002994s ]

[ 2017-05-25T14:44:14+08:00 ] ::1 /ThinkPHP/yanJing/index.php/Home/User/logo
INFO: [ app_begin ] --START--
INFO: Run Behavior\ReadHtmlCache [ RunTime:0.001367s ]
INFO: [ app_begin ] --END-- [ RunTime:0.002517s ]
SQL: SHOW COLUMNS FROM `member` [ RunTime:0.008044s ]
SQL: SELECT `password`,`ID`,`name` FROM `member` WHERE ( `cell` = '1' )  [ RunTime:0.000727s ]
INFO: [ app_end ] --START--
INFO: Run Behavior\ShowPageTrace [ RunTime:0.001529s ]
INFO: [ app_end ] --END-- [ RunTime:0.001759s ]

[ 2017-05-25T15:19:08+08:00 ] ::1 /ThinkPHP/yanJing/index.php/Home/User/logo
INFO: [ app_begin ] --START--
INFO: Run Behavior\ReadHtmlCache [ RunTime:0.000990s ]
INFO: [ app_begin ] --END-- [ RunTime:0.001784s ]
SQL: SHOW COLUMNS FROM `member` [ RunTime:0.007757s ]
SQL: SELECT `password`,`ID`,`name` FROM `member` WHERE ( `cell` = '1' )  [ RunTime:0.000481s ]
INFO: [ app_end ] --START--
INFO: Run Behavior\ShowPageTrace [ RunTime:0.001303s ]
INFO: [ app_end ] --END-- [ RunTime:0.001491s ]

[ 2017-05-25T15:24:51+08:00 ] ::1 /ThinkPHP/yanJing/index.php/Home/User/logo
INFO: [ app_begin ] --START--
INFO: Run Behavior\ReadHtmlCache [ RunTime:0.001280s ]
INFO: [ app_begin ] --END-- [ RunTime:0.002485s ]

[ 2017-05-25T15:24:54+08:00 ] ::1 /ThinkPHP/yanJing/index.php/Home/User/logo
INFO: [ app_begin ] --START--
INFO: Run Behavior\ReadHtmlCache [ RunTime:0.000971s ]
INFO: [ app_begin ] --END-- [ RunTime:0.001779s ]

[ 2017-05-25T15:24:56+08:00 ] ::1 /ThinkPHP/yanJing/index.php/Home/User/logo
INFO: [ app_begin ] --START--
INFO: Run Behavior\ReadHtmlCache [ RunTime:0.000983s ]
INFO: [ app_begin ] --END-- [ RunTime:0.001830s ]

[ 2017-05-25T15:24:58+08:00 ] ::1 /ThinkPHP/yanJing/index.php/Home/User/logo
INFO: [ app_begin ] --START--
INFO: Run Behavior\ReadHtmlCache [ RunTime:0.001429s ]
INFO: [ app_begin ] --END-- [ RunTime:0.002545s ]

[ 2017-05-25T15:25:04+08:00 ] ::1 /ThinkPHP/yanJing/index.php/Home/User/logo
INFO: [ app_begin ] --START--
INFO: Run Behavior\ReadHtmlCache [ RunTime:0.001133s ]
INFO: [ app_begin ] --END-- [ RunTime:0.002123s ]
SQL: SHOW COLUMNS FROM `member` [ RunTime:0.008358s ]
SQL: SELECT `password`,`ID`,`name` FROM `member` WHERE ( `cell` = '1' )  [ RunTime:0.000625s ]
INFO: [ app_end ] --START--
INFO: Run Behavior\ShowPageTrace [ RunTime:0.001627s ]
INFO: [ app_end ] --END-- [ RunTime:0.001875s ]

[ 2017-05-25T15:35:28+08:00 ] ::1 /ThinkPHP/yanJing/index.php/Home/User/logo
INFO: [ app_begin ] --START--
INFO: Run Behavior\ReadHtmlCache [ RunTime:0.001046s ]
INFO: [ app_begin ] --END-- [ RunTime:0.002026s ]

[ 2017-05-25T15:35:33+08:00 ] ::1 /ThinkPHP/yanJing/index.php/Home/User/logo
INFO: [ app_begin ] --START--
INFO: Run Behavior\ReadHtmlCache [ RunTime:0.001407s ]
INFO: [ app_begin ] --END-- [ RunTime:0.002570s ]
SQL: SHOW COLUMNS FROM `member` [ RunTime:0.007918s ]
SQL: SELECT `password`,`ID`,`name` FROM `member` WHERE ( `cell` = '1' )  [ RunTime:0.000524s ]
INFO: [ app_end ] --START--
INFO: Run Behavior\ShowPageTrace [ RunTime:0.001366s ]
INFO: [ app_end ] --END-- [ RunTime:0.001552s ]

[ 2017-05-25T15:38:52+08:00 ] ::1 /ThinkPHP/yanJing/index.php/Home/User/modify
INFO: [ app_begin ] --START--
INFO: Run Behavior\ReadHtmlCache [ RunTime:0.000992s ]
INFO: [ app_begin ] --END-- [ RunTime:0.001787s ]
SQL: SHOW COLUMNS FROM `member` [ RunTime:0.007798s ]
SQL: UPDATE `member` SET `cell`='1',`address`='' WHERE ( `ID` = 8 ) [ RunTime:0.001144s ]

[ 2017-05-25T15:40:40+08:00 ] ::1 /ThinkPHP/yanJing/index.php/Home/User/logo
INFO: [ app_begin ] --START--
INFO: Run Behavior\ReadHtmlCache [ RunTime:0.000986s ]
INFO: [ app_begin ] --END-- [ RunTime:0.001768s ]
SQL: SHOW COLUMNS FROM `member` [ RunTime:0.007876s ]
SQL: SELECT `password`,`ID`,`name` FROM `member` WHERE ( `cell` = '1' )  [ RunTime:0.000497s ]
INFO: [ app_end ] --START--
INFO: Run Behavior\ShowPageTrace [ RunTime:0.001301s ]
INFO: [ app_end ] --END-- [ RunTime:0.001485s ]

[ 2017-05-25T15:40:50+08:00 ] ::1 /ThinkPHP/yanJing/index.php/Home/User/modify
INFO: [ app_begin ] --START--
INFO: Run Behavior\ReadHtmlCache [ RunTime:0.001473s ]
INFO: [ app_begin ] --END-- [ RunTime:0.002649s ]
SQL: SHOW COLUMNS FROM `member` [ RunTime:0.008553s ]
SQL: UPDATE `member` SET `cell`='2',`address`='1' WHERE ( `ID` = 8 ) [ RunTime:0.001269s ]
ERR: 1062:Duplicate entry '2' for key 'cell'
 [ SQL语句 ] : UPDATE `member` SET `cell`='2',`address`='1' WHERE ( `ID` = 8 )

[ 2017-05-25T15:41:32+08:00 ] ::1 /ThinkPHP/yanJing/index.php/Home/User/modify
INFO: [ app_begin ] --START--
INFO: Run Behavior\ReadHtmlCache [ RunTime:0.001351s ]
INFO: [ app_begin ] --END-- [ RunTime:0.002515s ]
SQL: SHOW COLUMNS FROM `member` [ RunTime:0.007799s ]
SQL: UPDATE `member` SET `cell`='1',`address`='1' WHERE ( `ID` = 8 ) [ RunTime:0.001230s ]

[ 2017-05-25T15:42:03+08:00 ] ::1 /ThinkPHP/yanJing/index.php/Home/User/modify
INFO: [ app_begin ] --START--
INFO: Run Behavior\ReadHtmlCache [ RunTime:0.001386s ]
INFO: [ app_begin ] --END-- [ RunTime:0.002600s ]
SQL: SHOW COLUMNS FROM `member` [ RunTime:0.008769s ]
SQL: UPDATE `member` SET `cell`='15503773825',`address`='2' WHERE ( `ID` = 8 ) [ RunTime:0.001255s ]

[ 2017-05-25T15:48:05+08:00 ] ::1 /ThinkPHP/yanJing/index.php/Home/User/modify
INFO: [ app_begin ] --START--
INFO: Run Behavior\ReadHtmlCache [ RunTime:0.001062s ]
INFO: [ app_begin ] --END-- [ RunTime:0.001950s ]

[ 2017-05-25T15:48:37+08:00 ] ::1 /ThinkPHP/yanJing/index.php/Home/User/modify
INFO: [ app_begin ] --START--
INFO: Run Behavior\ReadHtmlCache [ RunTime:0.001148s ]
INFO: [ app_begin ] --END-- [ RunTime:0.002251s ]
SQL: SHOW COLUMNS FROM `member` [ RunTime:0.007796s ]
SQL: UPDATE `member` SET `cell`='15503773825',`address`='2' WHERE ( `ID` = 8 ) [ RunTime:0.010060s ]

[ 2017-05-25T15:49:26+08:00 ] ::1 /ThinkPHP/yanJing/index.php/Home/User/modify
INFO: [ app_begin ] --START--
INFO: Run Behavior\ReadHtmlCache [ RunTime:0.000970s ]
INFO: [ app_begin ] --END-- [ RunTime:0.001779s ]

[ 2017-05-25T15:49:28+08:00 ] ::1 /ThinkPHP/yanJing/index.php/Home/User/modify
INFO: [ app_begin ] --START--
INFO: Run Behavior\ReadHtmlCache [ RunTime:0.001052s ]
INFO: [ app_begin ] --END-- [ RunTime:0.001943s ]

[ 2017-05-25T15:49:31+08:00 ] ::1 /ThinkPHP/yanJing/index.php/Home/User/modify
INFO: [ app_begin ] --START--
INFO: Run Behavior\ReadHtmlCache [ RunTime:0.001454s ]
INFO: [ app_begin ] --END-- [ RunTime:0.002501s ]

[ 2017-05-25T15:50:27+08:00 ] ::1 /ThinkPHP/yanJing/index.php/Home/User/modify
INFO: [ app_begin ] --START--
INFO: Run Behavior\ReadHtmlCache [ RunTime:0.001042s ]
INFO: [ app_begin ] --END-- [ RunTime:0.001950s ]
SQL: SHOW COLUMNS FROM `member` [ RunTime:0.007826s ]
SQL: UPDATE `member` SET `cell`='1',`address`='1' WHERE ( `ID` = 8 ) [ RunTime:0.011151s ]

[ 2017-05-25T16:12:28+08:00 ] ::1 /ThinkPHP/yanJing/index.php/Home/User/logo
INFO: [ app_begin ] --START--
INFO: Run Behavior\ReadHtmlCache [ RunTime:0.000996s ]
INFO: [ app_begin ] --END-- [ RunTime:0.001780s ]
SQL: SHOW COLUMNS FROM `member` [ RunTime:0.009121s ]
SQL: SELECT `password`,`ID`,`name` FROM `member` WHERE ( `cell` = '1' )  [ RunTime:0.000488s ]
INFO: [ app_end ] --START--
INFO: Run Behavior\ShowPageTrace [ RunTime:0.001502s ]
INFO: [ app_end ] --END-- [ RunTime:0.001725s ]

[ 2017-05-25T16:23:17+08:00 ] ::1 /ThinkPHP/yanJing/index.php/Home/User/logo
INFO: [ app_begin ] --START--
INFO: Run Behavior\ReadHtmlCache [ RunTime:0.001026s ]
INFO: [ app_begin ] --END-- [ RunTime:0.001816s ]
SQL: SHOW COLUMNS FROM `member` [ RunTime:0.008114s ]
SQL: SELECT `password`,`ID`,`name` FROM `member` WHERE ( `cell` = '1' )  [ RunTime:0.000578s ]
INFO: [ app_end ] --START--
INFO: Run Behavior\ShowPageTrace [ RunTime:0.001304s ]
INFO: [ app_end ] --END-- [ RunTime:0.001487s ]

[ 2017-05-25T16:23:23+08:00 ] ::1 /ThinkPHP/yanJing/index.php/Home/User/logo
INFO: [ app_begin ] --START--
INFO: Run Behavior\ReadHtmlCache [ RunTime:0.001266s ]
INFO: [ app_begin ] --END-- [ RunTime:0.002422s ]
SQL: SHOW COLUMNS FROM `member` [ RunTime:0.008325s ]
SQL: SELECT `password`,`ID`,`name` FROM `member` WHERE ( `cell` = '1' )  [ RunTime:0.000523s ]
INFO: [ app_end ] --START--
INFO: Run Behavior\ShowPageTrace [ RunTime:0.001500s ]
INFO: [ app_end ] --END-- [ RunTime:0.001691s ]

[ 2017-05-25T16:23:45+08:00 ] ::1 /ThinkPHP/yanJing/index.php/Home/User/password
INFO: [ app_begin ] --START--
INFO: Run Behavior\ReadHtmlCache [ RunTime:0.001126s ]
INFO: [ app_begin ] --END-- [ RunTime:0.002085s ]
SQL: SHOW COLUMNS FROM `member` [ RunTime:0.008648s ]
SQL: SELECT `password` FROM `member` WHERE ( `ID` = 8 ) LIMIT 1   [ RunTime:0.000477s ]
SQL: UPDATE `member` SET `password`='123456' WHERE ( `ID` = 8 ) [ RunTime:0.001342s ]

[ 2017-05-25T16:24:03+08:00 ] ::1 /ThinkPHP/yanJing/index.php/Home/User/password
INFO: [ app_begin ] --START--
INFO: Run Behavior\ReadHtmlCache [ RunTime:0.001143s ]
INFO: [ app_begin ] --END-- [ RunTime:0.002216s ]
SQL: SHOW COLUMNS FROM `member` [ RunTime:0.008520s ]
SQL: SELECT `password` FROM `member` WHERE ( `ID` = 8 ) LIMIT 1   [ RunTime:0.000463s ]

[ 2017-05-25T16:24:09+08:00 ] ::1 /ThinkPHP/yanJing/index.php/Home/User/password
INFO: [ app_begin ] --START--
INFO: Run Behavior\ReadHtmlCache [ RunTime:0.001011s ]
INFO: [ app_begin ] --END-- [ RunTime:0.001929s ]
SQL: SHOW COLUMNS FROM `member` [ RunTime:0.008757s ]
SQL: SELECT `password` FROM `member` WHERE ( `ID` = 8 ) LIMIT 1   [ RunTime:0.000456s ]
SQL: UPDATE `member` SET `password`='123456' WHERE ( `ID` = 8 ) [ RunTime:0.001566s ]

[ 2017-05-25T16:25:55+08:00 ] 172.18.160.17 /ThinkPHP/yanJing/index.php/Home/User/logo
INFO: [ app_begin ] --START--
INFO: Run Behavior\ReadHtmlCache [ RunTime:0.001088s ]
INFO: [ app_begin ] --END-- [ RunTime:0.002143s ]
SQL: SHOW COLUMNS FROM `member` [ RunTime:0.008181s ]
SQL: SELECT `password`,`ID`,`name` FROM `member` WHERE ( `cell` = '1' )  [ RunTime:0.000511s ]
INFO: [ app_end ] --START--
INFO: Run Behavior\ShowPageTrace [ RunTime:0.001317s ]
INFO: [ app_end ] --END-- [ RunTime:0.001503s ]

[ 2017-05-25T16:26:14+08:00 ] 172.18.160.17 /ThinkPHP/yanJing/index.php/Home/User/modify
INFO: [ app_begin ] --START--
INFO: Run Behavior\ReadHtmlCache [ RunTime:0.001077s ]
INFO: [ app_begin ] --END-- [ RunTime:0.002022s ]
SQL: SHOW COLUMNS FROM `member` [ RunTime:0.007912s ]
SQL: UPDATE `member` SET `cell`='15503773825',`address`='南阳' WHERE ( `ID` = 8 ) [ RunTime:0.005936s ]

[ 2017-05-25T16:26:41+08:00 ] 172.18.160.17 /ThinkPHP/yanJing/index.php/Home/User/password
INFO: [ app_begin ] --START--
INFO: Run Behavior\ReadHtmlCache [ RunTime:0.001218s ]
INFO: [ app_begin ] --END-- [ RunTime:0.002454s ]
SQL: SHOW COLUMNS FROM `member` [ RunTime:0.008304s ]
SQL: SELECT `password` FROM `member` WHERE ( `ID` = 8 ) LIMIT 1   [ RunTime:0.000492s ]
SQL: UPDATE `member` SET `password`='123456' WHERE ( `ID` = 8 ) [ RunTime:0.007494s ]

[ 2017-05-25T16:26:57+08:00 ] 172.18.160.17 /ThinkPHP/yanJing/index.php/Home/Index/jz
INFO: [ app_begin ] --START--
INFO: Run Behavior\ReadHtmlCache [ RunTime:0.001339s ]
INFO: [ app_begin ] --END-- [ RunTime:0.002715s ]
SQL: SHOW COLUMNS FROM `goods` [ RunTime:0.008928s ]
SQL: SELECT COUNT(ID) AS tp_count FROM `goods` LIMIT 1   [ RunTime:0.000450s ]
SQL: SELECT `product`,`brand`,`Price`,`pe_img`,`describe` FROM `goods` WHERE ( `category` = '近视镜片' ) LIMIT 5,5   [ RunTime:0.000414s ]
INFO: [ app_end ] --START--
INFO: Run Behavior\ShowPageTrace [ RunTime:0.001300s ]
INFO: [ app_end ] --END-- [ RunTime:0.001483s ]

[ 2017-05-25T16:27:00+08:00 ] 172.18.160.17 /ThinkPHP/yanJing/index.php/Home/Index/jz
INFO: [ app_begin ] --START--
INFO: Run Behavior\ReadHtmlCache [ RunTime:0.001312s ]
INFO: [ app_begin ] --END-- [ RunTime:0.002398s ]
SQL: SHOW COLUMNS FROM `goods` [ RunTime:0.007768s ]
SQL: SELECT COUNT(ID) AS tp_count FROM `goods` LIMIT 1   [ RunTime:0.000462s ]
SQL: SELECT `product`,`brand`,`Price`,`pe_img`,`describe` FROM `goods` WHERE ( `category` = '近视镜片' ) LIMIT 10,5   [ RunTime:0.000395s ]
INFO: [ app_end ] --START--
INFO: Run Behavior\ShowPageTrace [ RunTime:0.001313s ]
INFO: [ app_end ] --END-- [ RunTime:0.001507s ]

[ 2017-05-25T16:27:04+08:00 ] 172.18.160.17 /ThinkPHP/yanJing/index.php/Home/Index/index
INFO: [ app_begin ] --START--
INFO: Run Behavior\ReadHtmlCache [ RunTime:0.001409s ]
INFO: [ app_begin ] --END-- [ RunTime:0.002589s ]
SQL: SHOW COLUMNS FROM `goods` [ RunTime:0.007842s ]
SQL: SELECT `product`,`brand`,`Price`,`pe_img`,`describe` FROM `goods` WHERE ( `category` = '老花镜' ) LIMIT 0,5   [ RunTime:0.000568s ]
INFO: [ app_end ] --START--
INFO: Run Behavior\ShowPageTrace [ RunTime:0.001410s ]
INFO: [ app_end ] --END-- [ RunTime:0.001604s ]

[ 2017-05-25T16:27:06+08:00 ] 172.18.160.17 /ThinkPHP/yanJing/index.php/Home/Index/jz
INFO: [ app_begin ] --START--
INFO: Run Behavior\ReadHtmlCache [ RunTime:0.001354s ]
INFO: [ app_begin ] --END-- [ RunTime:0.002472s ]
SQL: SHOW COLUMNS FROM `goods` [ RunTime:0.008573s ]
SQL: SELECT COUNT(ID) AS tp_count FROM `goods` LIMIT 1   [ RunTime:0.000457s ]
SQL: SELECT `product`,`brand`,`Price`,`pe_img`,`describe` FROM `goods` WHERE ( `category` = '老花镜' ) LIMIT 5,5   [ RunTime:0.000364s ]
INFO: [ app_end ] --START--
INFO: Run Behavior\ShowPageTrace [ RunTime:0.001489s ]
INFO: [ app_end ] --END-- [ RunTime:0.001713s ]

[ 2017-05-25T16:27:08+08:00 ] 172.18.160.17 /ThinkPHP/yanJing/index.php/Home/Index/index
INFO: [ app_begin ] --START--
INFO: Run Behavior\ReadHtmlCache [ RunTime:0.001505s ]
INFO: [ app_begin ] --END-- [ RunTime:0.002767s ]
SQL: SHOW COLUMNS FROM `goods` [ RunTime:0.008158s ]
SQL: SELECT `product`,`brand`,`Price`,`pe_img`,`describe` FROM `goods` WHERE ( `category` = '隐形眼镜' ) LIMIT 0,5   [ RunTime:0.000655s ]
INFO: [ app_end ] --START--
INFO: Run Behavior\ShowPageTrace [ RunTime:0.001358s ]
INFO: [ app_end ] --END-- [ RunTime:0.001541s ]

[ 2017-05-25T16:27:09+08:00 ] 172.18.160.17 /ThinkPHP/yanJing/index.php/Home/Index/index
INFO: [ app_begin ] --START--
INFO: Run Behavior\ReadHtmlCache [ RunTime:0.001076s ]
INFO: [ app_begin ] --END-- [ RunTime:0.002022s ]
SQL: SHOW COLUMNS FROM `goods` [ RunTime:0.009429s ]
SQL: SELECT `product`,`brand`,`Price`,`pe_img`,`describe` FROM `goods` WHERE ( `category` = '近视镜片 ' ) LIMIT 0,5   [ RunTime:0.000889s ]
INFO: [ app_end ] --START--
INFO: Run Behavior\ShowPageTrace [ RunTime:0.001740s ]
INFO: [ app_end ] --END-- [ RunTime:0.001965s ]

[ 2017-05-25T16:27:11+08:00 ] 172.18.160.17 /ThinkPHP/yanJing/index.php/Home/Index/index
INFO: [ app_begin ] --START--
INFO: Run Behavior\ReadHtmlCache [ RunTime:0.001067s ]
INFO: [ app_begin ] --END-- [ RunTime:0.002128s ]
SQL: SHOW COLUMNS FROM `goods` [ RunTime:0.007633s ]
SQL: SELECT `product`,`brand`,`Price`,`pe_img`,`describe` FROM `goods` WHERE ( `category` = '太阳镜 ' ) LIMIT 0,5   [ RunTime:0.000563s ]
INFO: [ app_end ] --START--
INFO: Run Behavior\ShowPageTrace [ RunTime:0.001404s ]
INFO: [ app_end ] --END-- [ RunTime:0.001607s ]

