[ 2017-04-23T16:49:21+08:00 ] ::1 /ThinkPHP/yanJing/index.php/Admin/Member/grand
INFO: [ app_begin ] --START--
INFO: Run Behavior\ReadHtmlCache [ RunTime:0.002257s ]
INFO: [ app_begin ] --END-- [ RunTime:0.004177s ]

[ 2017-04-23T16:52:28+08:00 ] ::1 /ThinkPHP/yanJing/index.php/Admin/Member/grand
INFO: [ app_begin ] --START--
INFO: Run Behavior\ReadHtmlCache [ RunTime:0.001381s ]
INFO: [ app_begin ] --END-- [ RunTime:0.002593s ]
NOTIC: [8] Undefined variable: _post D:\wamp\www\ThinkPHP\yanJing\Admin\Controller\MemberController.class.php 第 150 行.
INFO: [ app_end ] --START--
INFO: Run Behavior\ShowPageTrace [ RunTime:0.001320s ]
INFO: [ app_end ] --END-- [ RunTime:0.001568s ]

[ 2017-04-23T16:52:29+08:00 ] ::1 /ThinkPHP/yanJing/index.php/Admin/Member/grand
INFO: [ app_begin ] --START--
INFO: Run Behavior\ReadHtmlCache [ RunTime:0.001093s ]
INFO: [ app_begin ] --END-- [ RunTime:0.002078s ]
NOTIC: [8] Undefined variable: _post D:\wamp\www\ThinkPHP\yanJing\Admin\Controller\MemberController.class.php 第 150 行.
INFO: [ app_end ] --START--
INFO: Run Behavior\ShowPageTrace [ RunTime:0.001128s ]
INFO: [ app_end ] --END-- [ RunTime:0.001333s ]

[ 2017-04-23T16:52:29+08:00 ] ::1 /ThinkPHP/yanJing/index.php/Admin/Member/grand
INFO: [ app_begin ] --START--
INFO: Run Behavior\ReadHtmlCache [ RunTime:0.001310s ]
INFO: [ app_begin ] --END-- [ RunTime:0.002557s ]
NOTIC: [8] Undefined variable: _post D:\wamp\www\ThinkPHP\yanJing\Admin\Controller\MemberController.class.php 第 150 行.
INFO: [ app_end ] --START--
INFO: Run Behavior\ShowPageTrace [ RunTime:0.001483s ]
INFO: [ app_end ] --END-- [ RunTime:0.001737s ]

[ 2017-04-23T16:52:30+08:00 ] ::1 /ThinkPHP/yanJing/index.php/Admin/Member/grand
INFO: [ app_begin ] --START--
INFO: Run Behavior\ReadHtmlCache [ RunTime:0.001298s ]
INFO: [ app_begin ] --END-- [ RunTime:0.002664s ]
NOTIC: [8] Undefined variable: _post D:\wamp\www\ThinkPHP\yanJing\Admin\Controller\MemberController.class.php 第 150 行.
INFO: [ app_end ] --START--
INFO: Run Behavior\ShowPageTrace [ RunTime:0.000961s ]
INFO: [ app_end ] --END-- [ RunTime:0.001147s ]

[ 2017-04-23T16:52:30+08:00 ] ::1 /ThinkPHP/yanJing/index.php/Admin/Member/grand
INFO: [ app_begin ] --START--
INFO: Run Behavior\ReadHtmlCache [ RunTime:0.001525s ]
INFO: [ app_begin ] --END-- [ RunTime:0.003310s ]
NOTIC: [8] Undefined variable: _post D:\wamp\www\ThinkPHP\yanJing\Admin\Controller\MemberController.class.php 第 150 行.
INFO: [ app_end ] --START--
INFO: Run Behavior\ShowPageTrace [ RunTime:0.001318s ]
INFO: [ app_end ] --END-- [ RunTime:0.001543s ]

[ 2017-04-23T16:55:29+08:00 ] ::1 /ThinkPHP/yanJing/index.php/Admin/Member/grand
INFO: [ app_begin ] --START--
INFO: Run Behavior\ReadHtmlCache [ RunTime:0.001190s ]
INFO: [ app_begin ] --END-- [ RunTime:0.002461s ]
NOTIC: [8] Undefined variable: _post D:\wamp\www\ThinkPHP\yanJing\Admin\Controller\MemberController.class.php 第 150 行.
INFO: [ app_end ] --START--
INFO: Run Behavior\ShowPageTrace [ RunTime:0.001696s ]
INFO: [ app_end ] --END-- [ RunTime:0.001974s ]

[ 2017-04-23T16:56:21+08:00 ] ::1 /ThinkPHP/yanJing/index.php/Admin/Member/grand
INFO: [ app_begin ] --START--
INFO: Run Behavior\ReadHtmlCache [ RunTime:0.003577s ]
INFO: [ app_begin ] --END-- [ RunTime:0.006811s ]
NOTIC: [8] Undefined variable: _post D:\wamp\www\ThinkPHP\yanJing\Admin\Controller\MemberController.class.php 第 150 行.
INFO: [ app_end ] --START--
INFO: Run Behavior\ShowPageTrace [ RunTime:0.001603s ]
INFO: [ app_end ] --END-- [ RunTime:0.001885s ]

[ 2017-04-23T16:57:22+08:00 ] ::1 /ThinkPHP/yanJing/index.php/Admin/Member/grand
INFO: [ app_begin ] --START--
INFO: Run Behavior\ReadHtmlCache [ RunTime:0.001274s ]
INFO: [ app_begin ] --END-- [ RunTime:0.003047s ]
NOTIC: [8] Undefined variable: _post D:\wamp\www\ThinkPHP\yanJing\Admin\Controller\MemberController.class.php 第 150 行.
INFO: [ app_end ] --START--
INFO: Run Behavior\ShowPageTrace [ RunTime:0.003158s ]
INFO: [ app_end ] --END-- [ RunTime:0.003628s ]

[ 2017-04-23T16:57:48+08:00 ] ::1 /ThinkPHP/yanJing/index.php/Admin/Member/grand
INFO: [ app_begin ] --START--
INFO: Run Behavior\ReadHtmlCache [ RunTime:0.001859s ]
INFO: [ app_begin ] --END-- [ RunTime:0.007011s ]
INFO: [ app_end ] --START--
INFO: Run Behavior\ShowPageTrace [ RunTime:0.003836s ]
INFO: [ app_end ] --END-- [ RunTime:0.004672s ]

[ 2017-04-23T16:59:58+08:00 ] ::1 /ThinkPHP/yanJing/index.php/Admin/Member/grand
INFO: [ app_begin ] --START--
INFO: Run Behavior\ReadHtmlCache [ RunTime:0.001500s ]
INFO: [ app_begin ] --END-- [ RunTime:0.005198s ]
INFO: [ app_end ] --START--
INFO: Run Behavior\ShowPageTrace [ RunTime:0.002151s ]
INFO: [ app_end ] --END-- [ RunTime:0.002538s ]

[ 2017-04-23T17:00:41+08:00 ] ::1 /ThinkPHP/yanJing/index.php/Admin/Member/grand
INFO: [ app_begin ] --START--
INFO: Run Behavior\ReadHtmlCache [ RunTime:0.002528s ]
INFO: [ app_begin ] --END-- [ RunTime:0.004226s ]
INFO: [ app_end ] --START--
INFO: Run Behavior\ShowPageTrace [ RunTime:0.001502s ]
INFO: [ app_end ] --END-- [ RunTime:0.001787s ]

[ 2017-04-23T17:00:42+08:00 ] ::1 /ThinkPHP/yanJing/index.php/Admin/Member/grand
INFO: [ app_begin ] --START--
INFO: Run Behavior\ReadHtmlCache [ RunTime:0.001787s ]
INFO: [ app_begin ] --END-- [ RunTime:0.004628s ]
INFO: [ app_end ] --START--
INFO: Run Behavior\ShowPageTrace [ RunTime:0.001749s ]
INFO: [ app_end ] --END-- [ RunTime:0.002147s ]

[ 2017-04-23T17:00:42+08:00 ] ::1 /ThinkPHP/yanJing/index.php/Admin/Member/grand
INFO: [ app_begin ] --START--
INFO: Run Behavior\ReadHtmlCache [ RunTime:0.001284s ]
INFO: [ app_begin ] --END-- [ RunTime:0.002339s ]
INFO: [ app_end ] --START--
INFO: Run Behavior\ShowPageTrace [ RunTime:0.001012s ]
INFO: [ app_end ] --END-- [ RunTime:0.001230s ]

[ 2017-04-23T17:00:43+08:00 ] ::1 /ThinkPHP/yanJing/index.php/Admin/Member/grand
INFO: [ app_begin ] --START--
INFO: Run Behavior\ReadHtmlCache [ RunTime:0.000960s ]
INFO: [ app_begin ] --END-- [ RunTime:0.001890s ]
INFO: [ app_end ] --START--
INFO: Run Behavior\ShowPageTrace [ RunTime:0.002598s ]
INFO: [ app_end ] --END-- [ RunTime:0.003479s ]

[ 2017-04-23T17:00:44+08:00 ] ::1 /ThinkPHP/yanJing/index.php/Admin/Member/grand
INFO: [ app_begin ] --START--
INFO: Run Behavior\ReadHtmlCache [ RunTime:0.001511s ]
INFO: [ app_begin ] --END-- [ RunTime:0.002941s ]
INFO: [ app_end ] --START--
INFO: Run Behavior\ShowPageTrace [ RunTime:0.001356s ]
INFO: [ app_end ] --END-- [ RunTime:0.001793s ]

[ 2017-04-23T17:00:44+08:00 ] ::1 /ThinkPHP/yanJing/index.php/Admin/Member/grand
INFO: [ app_begin ] --START--
INFO: Run Behavior\ReadHtmlCache [ RunTime:0.001456s ]
INFO: [ app_begin ] --END-- [ RunTime:0.004101s ]
INFO: [ app_end ] --START--
INFO: Run Behavior\ShowPageTrace [ RunTime:0.001455s ]
INFO: [ app_end ] --END-- [ RunTime:0.001744s ]

[ 2017-04-23T17:00:45+08:00 ] ::1 /ThinkPHP/yanJing/index.php/Admin/Member/grand
INFO: [ app_begin ] --START--
INFO: Run Behavior\ReadHtmlCache [ RunTime:0.001175s ]
INFO: [ app_begin ] --END-- [ RunTime:0.002816s ]
INFO: [ app_end ] --START--
INFO: Run Behavior\ShowPageTrace [ RunTime:0.001042s ]
INFO: [ app_end ] --END-- [ RunTime:0.001263s ]

[ 2017-04-23T17:00:45+08:00 ] ::1 /ThinkPHP/yanJing/index.php/Admin/Member/grand
INFO: [ app_begin ] --START--
INFO: Run Behavior\ReadHtmlCache [ RunTime:0.001181s ]
INFO: [ app_begin ] --END-- [ RunTime:0.002408s ]
INFO: [ app_end ] --START--
INFO: Run Behavior\ShowPageTrace [ RunTime:0.001585s ]
INFO: [ app_end ] --END-- [ RunTime:0.001882s ]

[ 2017-04-23T17:00:46+08:00 ] ::1 /ThinkPHP/yanJing/index.php/Admin/Member/grand
INFO: [ app_begin ] --START--
INFO: Run Behavior\ReadHtmlCache [ RunTime:0.001031s ]
INFO: [ app_begin ] --END-- [ RunTime:0.002254s ]
INFO: [ app_end ] --START--
INFO: Run Behavior\ShowPageTrace [ RunTime:0.001035s ]
INFO: [ app_end ] --END-- [ RunTime:0.001260s ]

[ 2017-04-23T17:00:46+08:00 ] ::1 /ThinkPHP/yanJing/index.php/Admin/Member/grand
INFO: [ app_begin ] --START--
INFO: Run Behavior\ReadHtmlCache [ RunTime:0.002366s ]
INFO: [ app_begin ] --END-- [ RunTime:0.003769s ]
INFO: [ app_end ] --START--
INFO: Run Behavior\ShowPageTrace [ RunTime:0.001248s ]
INFO: [ app_end ] --END-- [ RunTime:0.001491s ]

[ 2017-04-23T17:00:47+08:00 ] ::1 /ThinkPHP/yanJing/index.php/Admin/Member/grand
INFO: [ app_begin ] --START--
INFO: Run Behavior\ReadHtmlCache [ RunTime:0.001471s ]
INFO: [ app_begin ] --END-- [ RunTime:0.002984s ]
INFO: [ app_end ] --START--
INFO: Run Behavior\ShowPageTrace [ RunTime:0.001542s ]
INFO: [ app_end ] --END-- [ RunTime:0.001846s ]

[ 2017-04-23T17:00:48+08:00 ] ::1 /ThinkPHP/yanJing/index.php/Admin/Member/grand
INFO: [ app_begin ] --START--
INFO: Run Behavior\ReadHtmlCache [ RunTime:0.001563s ]
INFO: [ app_begin ] --END-- [ RunTime:0.002909s ]
INFO: [ app_end ] --START--
INFO: Run Behavior\ShowPageTrace [ RunTime:0.002089s ]
INFO: [ app_end ] --END-- [ RunTime:0.002403s ]

[ 2017-04-23T17:00:49+08:00 ] ::1 /ThinkPHP/yanJing/index.php/Admin/Member/grand
INFO: [ app_begin ] --START--
INFO: Run Behavior\ReadHtmlCache [ RunTime:0.006892s ]
INFO: [ app_begin ] --END-- [ RunTime:0.012793s ]
INFO: [ app_end ] --START--
INFO: Run Behavior\ShowPageTrace [ RunTime:0.003103s ]
INFO: [ app_end ] --END-- [ RunTime:0.003514s ]

[ 2017-04-23T17:00:50+08:00 ] ::1 /ThinkPHP/yanJing/index.php/Admin/Member/grand
INFO: [ app_begin ] --START--
INFO: Run Behavior\ReadHtmlCache [ RunTime:0.001331s ]
INFO: [ app_begin ] --END-- [ RunTime:0.002503s ]
INFO: [ app_end ] --START--
INFO: Run Behavior\ShowPageTrace [ RunTime:0.001596s ]
INFO: [ app_end ] --END-- [ RunTime:0.001920s ]

[ 2017-04-23T17:00:50+08:00 ] ::1 /ThinkPHP/yanJing/index.php/Admin/Member/grand
INFO: [ app_begin ] --START--
INFO: Run Behavior\ReadHtmlCache [ RunTime:0.001067s ]
INFO: [ app_begin ] --END-- [ RunTime:0.002073s ]
INFO: [ app_end ] --START--
INFO: Run Behavior\ShowPageTrace [ RunTime:0.001127s ]
INFO: [ app_end ] --END-- [ RunTime:0.001375s ]

[ 2017-04-23T17:02:21+08:00 ] ::1 /ThinkPHP/yanJing/index.php/Admin/Member/grand
INFO: [ app_begin ] --START--
INFO: Run Behavior\ReadHtmlCache [ RunTime:0.001880s ]
INFO: [ app_begin ] --END-- [ RunTime:0.004003s ]
INFO: [ app_end ] --START--
INFO: Run Behavior\ShowPageTrace [ RunTime:0.001465s ]
INFO: [ app_end ] --END-- [ RunTime:0.005815s ]

[ 2017-04-23T17:02:23+08:00 ] ::1 /ThinkPHP/yanJing/index.php/Admin/Member/grand
INFO: [ app_begin ] --START--
INFO: Run Behavior\ReadHtmlCache [ RunTime:0.001825s ]
INFO: [ app_begin ] --END-- [ RunTime:0.003657s ]
INFO: [ app_end ] --START--
INFO: Run Behavior\ShowPageTrace [ RunTime:0.002998s ]
INFO: [ app_end ] --END-- [ RunTime:0.003384s ]

[ 2017-04-23T17:02:24+08:00 ] ::1 /ThinkPHP/yanJing/index.php/Admin/Member/grand
INFO: [ app_begin ] --START--
INFO: Run Behavior\ReadHtmlCache [ RunTime:0.001760s ]
INFO: [ app_begin ] --END-- [ RunTime:0.005090s ]
INFO: [ app_end ] --START--
INFO: Run Behavior\ShowPageTrace [ RunTime:0.001043s ]
INFO: [ app_end ] --END-- [ RunTime:0.001279s ]

[ 2017-04-23T18:06:51+08:00 ] ::1 /ThinkPHP/yanJing/index.php/Admin/Member/grand
INFO: [ app_begin ] --START--
INFO: Run Behavior\ReadHtmlCache [ RunTime:0.001443s ]
INFO: [ app_begin ] --END-- [ RunTime:0.002774s ]
SQL: SHOW COLUMNS FROM `member` [ RunTime:0.011365s ]
SQL: SELECT `name`,`cell`,`Time` FROM `member` WHERE ( `ID` = 22 ) LIMIT 1   [ RunTime:0.005588s ]
SQL: SELECT `name`,`cell`,`Time` FROM `member` WHERE ( `ID` = 25 ) LIMIT 1   [ RunTime:0.000753s ]
INFO: [ app_end ] --START--
INFO: Run Behavior\ShowPageTrace [ RunTime:0.001571s ]
INFO: [ app_end ] --END-- [ RunTime:0.001854s ]

[ 2017-04-23T18:06:56+08:00 ] ::1 /ThinkPHP/yanJing/index.php/Admin/Member/grand
INFO: [ app_begin ] --START--
INFO: Run Behavior\ReadHtmlCache [ RunTime:0.002190s ]
INFO: [ app_begin ] --END-- [ RunTime:0.004523s ]
SQL: SHOW COLUMNS FROM `member` [ RunTime:0.010003s ]
SQL: SELECT `name`,`cell`,`Time` FROM `member` WHERE ( `ID` = 23 ) LIMIT 1   [ RunTime:0.000745s ]
SQL: SELECT `name`,`cell`,`Time` FROM `member` WHERE ( `ID` = 30 ) LIMIT 1   [ RunTime:0.000480s ]
INFO: [ app_end ] --START--
INFO: Run Behavior\ShowPageTrace [ RunTime:0.001409s ]
INFO: [ app_end ] --END-- [ RunTime:0.001643s ]

[ 2017-04-23T18:06:58+08:00 ] ::1 /ThinkPHP/yanJing/index.php/Admin/Member/grand
INFO: [ app_begin ] --START--
INFO: Run Behavior\ReadHtmlCache [ RunTime:0.001119s ]
INFO: [ app_begin ] --END-- [ RunTime:0.002217s ]
SQL: SHOW COLUMNS FROM `member` [ RunTime:0.008388s ]
SQL: SELECT `name`,`cell`,`Time` FROM `member` WHERE ( `ID` = 33 ) LIMIT 1   [ RunTime:0.000819s ]
INFO: [ app_end ] --START--
INFO: Run Behavior\ShowPageTrace [ RunTime:0.001698s ]
INFO: [ app_end ] --END-- [ RunTime:0.001981s ]

[ 2017-04-23T19:07:35+08:00 ] ::1 /ThinkPHP/yanJing/index.php/Admin/Member/grand
INFO: [ app_begin ] --START--
INFO: Run Behavior\ReadHtmlCache [ RunTime:0.005822s ]
INFO: [ app_begin ] --END-- [ RunTime:0.010384s ]
SQL: SHOW COLUMNS FROM `member` [ RunTime:0.010850s ]
SQL: SELECT `name`,`cell`,`Time` FROM `member` WHERE ( `ID` = 22 ) LIMIT 1   [ RunTime:0.000747s ]
SQL: SELECT `name`,`cell`,`Time` FROM `member` WHERE ( `ID` = 25 ) LIMIT 1   [ RunTime:0.000571s ]
INFO: [ app_end ] --START--
INFO: Run Behavior\ShowPageTrace [ RunTime:0.001448s ]
INFO: [ app_end ] --END-- [ RunTime:0.001710s ]

[ 2017-04-23T19:07:36+08:00 ] ::1 /ThinkPHP/yanJing/index.php/Admin/Member/grand
INFO: [ app_begin ] --START--
INFO: Run Behavior\ReadHtmlCache [ RunTime:0.001682s ]
INFO: [ app_begin ] --END-- [ RunTime:0.003056s ]
SQL: SHOW COLUMNS FROM `member` [ RunTime:0.010263s ]
SQL: SELECT `name`,`cell`,`Time` FROM `member` WHERE ( `ID` = 23 ) LIMIT 1   [ RunTime:0.000707s ]
SQL: SELECT `name`,`cell`,`Time` FROM `member` WHERE ( `ID` = 30 ) LIMIT 1   [ RunTime:0.000711s ]
INFO: [ app_end ] --START--
INFO: Run Behavior\ShowPageTrace [ RunTime:0.001532s ]
INFO: [ app_end ] --END-- [ RunTime:0.001804s ]

[ 2017-04-23T19:07:38+08:00 ] ::1 /ThinkPHP/yanJing/index.php/Admin/Member/grand
INFO: [ app_begin ] --START--
INFO: Run Behavior\ReadHtmlCache [ RunTime:0.002022s ]
INFO: [ app_begin ] --END-- [ RunTime:0.004085s ]
SQL: SHOW COLUMNS FROM `member` [ RunTime:0.010830s ]
SQL: SELECT `name`,`cell`,`Time` FROM `member` WHERE ( `ID` = 33 ) LIMIT 1   [ RunTime:0.000760s ]
INFO: [ app_end ] --START--
INFO: Run Behavior\ShowPageTrace [ RunTime:0.001762s ]
INFO: [ app_end ] --END-- [ RunTime:0.002037s ]

[ 2017-04-23T19:48:54+08:00 ] ::1 /ThinkPHP/yanJing/index.php/Admin/Member/grand
INFO: [ app_begin ] --START--
INFO: Run Behavior\ReadHtmlCache [ RunTime:0.001123s ]
INFO: [ app_begin ] --END-- [ RunTime:0.002115s ]
SQL: SHOW COLUMNS FROM `member` [ RunTime:0.008490s ]
SQL: SELECT `name`,`cell`,`Time` FROM `member` WHERE ( `ID` = 22 ) LIMIT 1   [ RunTime:0.000509s ]
SQL: SELECT `name`,`cell`,`Time` FROM `member` WHERE ( `ID` = 25 ) LIMIT 1   [ RunTime:0.000348s ]
INFO: [ app_end ] --START--
INFO: Run Behavior\ShowPageTrace [ RunTime:0.001327s ]
INFO: [ app_end ] --END-- [ RunTime:0.001537s ]

[ 2017-04-23T19:48:55+08:00 ] ::1 /ThinkPHP/yanJing/index.php/Admin/Member/grand
INFO: [ app_begin ] --START--
INFO: Run Behavior\ReadHtmlCache [ RunTime:0.001972s ]
INFO: [ app_begin ] --END-- [ RunTime:0.003797s ]
SQL: SHOW COLUMNS FROM `member` [ RunTime:0.010596s ]
SQL: SELECT `name`,`cell`,`Time` FROM `member` WHERE ( `ID` = 23 ) LIMIT 1   [ RunTime:0.000666s ]
SQL: SELECT `name`,`cell`,`Time` FROM `member` WHERE ( `ID` = 30 ) LIMIT 1   [ RunTime:0.000341s ]
INFO: [ app_end ] --START--
INFO: Run Behavior\ShowPageTrace [ RunTime:0.001392s ]
INFO: [ app_end ] --END-- [ RunTime:0.001609s ]

[ 2017-04-23T19:48:56+08:00 ] ::1 /ThinkPHP/yanJing/index.php/Admin/Member/grand
INFO: [ app_begin ] --START--
INFO: Run Behavior\ReadHtmlCache [ RunTime:0.001519s ]
INFO: [ app_begin ] --END-- [ RunTime:0.002900s ]
SQL: SHOW COLUMNS FROM `member` [ RunTime:0.008335s ]
SQL: SELECT `name`,`cell`,`Time` FROM `member` WHERE ( `ID` = 33 ) LIMIT 1   [ RunTime:0.000840s ]
INFO: [ app_end ] --START--
INFO: Run Behavior\ShowPageTrace [ RunTime:0.001526s ]
INFO: [ app_end ] --END-- [ RunTime:0.001808s ]

[ 2017-04-23T20:33:32+08:00 ] ::1 /ThinkPHP/yanJing/index.php/Admin/Member/xq
INFO: [ app_begin ] --START--
INFO: Run Behavior\ReadHtmlCache [ RunTime:0.001994s ]
INFO: [ app_begin ] --END-- [ RunTime:0.003254s ]
INFO: [ app_end ] --START--
INFO: Run Behavior\ShowPageTrace [ RunTime:0.001198s ]
INFO: [ app_end ] --END-- [ RunTime:0.001474s ]

[ 2017-04-23T20:34:15+08:00 ] ::1 /ThinkPHP/yanJing/index.php/Admin/Member/xq
INFO: [ app_begin ] --START--
INFO: Run Behavior\ReadHtmlCache [ RunTime:0.001714s ]
INFO: [ app_begin ] --END-- [ RunTime:0.003525s ]
INFO: [ app_end ] --START--
INFO: Run Behavior\ShowPageTrace [ RunTime:0.007818s ]
INFO: [ app_end ] --END-- [ RunTime:0.008227s ]

[ 2017-04-23T20:36:02+08:00 ] ::1 /ThinkPHP/yanJing/index.php/Admin/Member/xq
INFO: [ app_begin ] --START--
INFO: Run Behavior\ReadHtmlCache [ RunTime:0.001897s ]
INFO: [ app_begin ] --END-- [ RunTime:0.003273s ]
INFO: [ app_end ] --START--
INFO: Run Behavior\ShowPageTrace [ RunTime:0.001142s ]
INFO: [ app_end ] --END-- [ RunTime:0.001392s ]

[ 2017-04-23T20:55:09+08:00 ] ::1 /ThinkPHP/yanJing/index.php/Admin/Member/xq
INFO: [ app_begin ] --START--
INFO: Run Behavior\ReadHtmlCache [ RunTime:0.001095s ]
INFO: [ app_begin ] --END-- [ RunTime:0.002105s ]
SQL: SHOW COLUMNS FROM `member` [ RunTime:0.009056s ]
SQL: UPDATE `member` SET `Untreated`=0 WHERE ( `ID` = 8 ) [ RunTime:0.001350s ]
SQL: UPDATE `member` SET `treated`=treated+350 WHERE ( $ce ) [ RunTime:0.000279s ]
ERR: 1054:Unknown column '$ce' in 'where clause'
 [ SQL语句 ] : UPDATE `member` SET `treated`=treated+350 WHERE ( $ce )
INFO: [ app_end ] --START--
INFO: Run Behavior\ShowPageTrace [ RunTime:0.001364s ]
INFO: [ app_end ] --END-- [ RunTime:0.001588s ]

[ 2017-04-23T20:57:06+08:00 ] ::1 /ThinkPHP/yanJing/index.php/Admin/Member/xq
INFO: [ app_begin ] --START--
INFO: Run Behavior\ReadHtmlCache [ RunTime:0.001364s ]
INFO: [ app_begin ] --END-- [ RunTime:0.002463s ]
SQL: SHOW COLUMNS FROM `member` [ RunTime:0.008036s ]
SQL: UPDATE `member` SET `Untreated`=0 WHERE ( `ID` = 8 ) [ RunTime:0.001366s ]
SQL: UPDATE `member` SET `treated`=treated+350 WHERE ( $ce ) [ RunTime:0.000328s ]
ERR: 1054:Unknown column '$ce' in 'where clause'
 [ SQL语句 ] : UPDATE `member` SET `treated`=treated+350 WHERE ( $ce )
INFO: [ app_end ] --START--
INFO: Run Behavior\ShowPageTrace [ RunTime:0.001643s ]
INFO: [ app_end ] --END-- [ RunTime:0.001897s ]

[ 2017-04-23T20:59:16+08:00 ] ::1 /ThinkPHP/yanJing/index.php/Admin/Member/xq
INFO: [ app_begin ] --START--
INFO: Run Behavior\ReadHtmlCache [ RunTime:0.001106s ]
INFO: [ app_begin ] --END-- [ RunTime:0.002156s ]
SQL: SHOW COLUMNS FROM `member` [ RunTime:0.008900s ]
SQL: UPDATE `member` SET `Untreated`=0,`treated`=350 WHERE ( `ID` = 8 ) [ RunTime:0.001492s ]
SQL: UPDATE `member` SET `Untreated`=0,`treated`=350 WHERE ( `ID` = 8 ) [ RunTime:0.002195s ]
INFO: [ app_end ] --START--
INFO: Run Behavior\ShowPageTrace [ RunTime:0.001588s ]
INFO: [ app_end ] --END-- [ RunTime:0.001853s ]

[ 2017-04-23T21:02:59+08:00 ] ::1 /ThinkPHP/yanJing/index.php/Admin/Member/xq
INFO: [ app_begin ] --START--
INFO: Run Behavior\ReadHtmlCache [ RunTime:0.001149s ]
INFO: [ app_begin ] --END-- [ RunTime:0.002244s ]
SQL: SHOW COLUMNS FROM `member` [ RunTime:0.009917s ]
SQL: UPDATE `member` SET `Untreated`=0,`treated`=350 WHERE ( `ID` = 8 ) [ RunTime:0.001789s ]
SQL: UPDATE `member` SET `Untreated`=0,`treated`=350 WHERE ( `ID` = 8 ) [ RunTime:0.001512s ]
INFO: [ app_end ] --START--
INFO: Run Behavior\ShowPageTrace [ RunTime:0.001421s ]
INFO: [ app_end ] --END-- [ RunTime:0.001704s ]

[ 2017-04-23T21:08:09+08:00 ] ::1 /ThinkPHP/yanJing/index.php/Admin/Member/xq
INFO: [ app_begin ] --START--
INFO: Run Behavior\ReadHtmlCache [ RunTime:0.001095s ]
INFO: [ app_begin ] --END-- [ RunTime:0.002167s ]
SQL: SHOW COLUMNS FROM `member` [ RunTime:0.011801s ]
SQL: UPDATE `member` SET `Untreated`=0,`treated`=350 WHERE ( `ID` = 8 ) [ RunTime:0.001680s ]
SQL: UPDATE `member` SET `Untreated`=0,`treated`=350 WHERE ( `ID` = 8 ) [ RunTime:0.001179s ]
INFO: [ app_end ] --START--
INFO: Run Behavior\ShowPageTrace [ RunTime:0.001543s ]
INFO: [ app_end ] --END-- [ RunTime:0.001838s ]

[ 2017-04-23T21:09:07+08:00 ] ::1 /ThinkPHP/yanJing/index.php/Admin/Member/xq
INFO: [ app_begin ] --START--
INFO: Run Behavior\ReadHtmlCache [ RunTime:0.001219s ]
INFO: [ app_begin ] --END-- [ RunTime:0.002494s ]
SQL: SHOW COLUMNS FROM `member` [ RunTime:0.009509s ]
SQL: UPDATE `member` SET `Untreated`=0,`treated`=350 WHERE ( `ID` = 8 ) [ RunTime:0.001373s ]
SQL: UPDATE `member` SET `Untreated`=0,`treated`=350 WHERE ( `ID` = 8 ) [ RunTime:0.001137s ]
INFO: [ app_end ] --START--
INFO: Run Behavior\ShowPageTrace [ RunTime:0.001712s ]
INFO: [ app_end ] --END-- [ RunTime:0.001985s ]

[ 2017-04-23T21:14:04+08:00 ] ::1 /ThinkPHP/yanJing/index.php/Admin/Member/grand
INFO: [ app_begin ] --START--
INFO: Run Behavior\ReadHtmlCache [ RunTime:0.001336s ]
INFO: [ app_begin ] --END-- [ RunTime:0.002548s ]
SQL: SHOW COLUMNS FROM `member` [ RunTime:0.008855s ]
SQL: SELECT `name`,`cell`,`Time` FROM `member` WHERE ( `ID` = 22 ) LIMIT 1   [ RunTime:0.000678s ]
SQL: SELECT `name`,`cell`,`Time` FROM `member` WHERE ( `ID` = 25 ) LIMIT 1   [ RunTime:0.000399s ]
INFO: [ app_end ] --START--
INFO: Run Behavior\ShowPageTrace [ RunTime:0.001343s ]
INFO: [ app_end ] --END-- [ RunTime:0.001564s ]

[ 2017-04-23T21:14:07+08:00 ] ::1 /ThinkPHP/yanJing/index.php/Admin/Member/grand
INFO: [ app_begin ] --START--
INFO: Run Behavior\ReadHtmlCache [ RunTime:0.001354s ]
INFO: [ app_begin ] --END-- [ RunTime:0.003158s ]
SQL: SHOW COLUMNS FROM `member` [ RunTime:0.009258s ]
SQL: SELECT `name`,`cell`,`Time` FROM `member` WHERE ( `ID` = 23 ) LIMIT 1   [ RunTime:0.000533s ]
SQL: SELECT `name`,`cell`,`Time` FROM `member` WHERE ( `ID` = 30 ) LIMIT 1   [ RunTime:0.000555s ]
INFO: [ app_end ] --START--
INFO: Run Behavior\ShowPageTrace [ RunTime:0.001497s ]
INFO: [ app_end ] --END-- [ RunTime:0.001806s ]

[ 2017-04-23T21:14:09+08:00 ] ::1 /ThinkPHP/yanJing/index.php/Admin/Member/grand
INFO: [ app_begin ] --START--
INFO: Run Behavior\ReadHtmlCache [ RunTime:0.001516s ]
INFO: [ app_begin ] --END-- [ RunTime:0.002798s ]
SQL: SHOW COLUMNS FROM `member` [ RunTime:0.008594s ]
SQL: SELECT `name`,`cell`,`Time` FROM `member` WHERE ( `ID` = 33 ) LIMIT 1   [ RunTime:0.000522s ]
INFO: [ app_end ] --START--
INFO: Run Behavior\ShowPageTrace [ RunTime:0.001623s ]
INFO: [ app_end ] --END-- [ RunTime:0.001970s ]

