[ 2017-05-24T13:33:44+08:00 ] ::1 /ThinkPHP/yanJing/index.php/Home/
ERR: 非法操作:login

[ 2017-05-24T13:34:05+08:00 ] ::1 /ThinkPHP/yanJing/index.php/Home/Index/
ERR: 非法操作:login

[ 2017-05-24T13:34:22+08:00 ] ::1 /ThinkPHP/yanJing/index.php/Home/Index/jz
INFO: [ app_begin ] --START--
INFO: Run Behavior\ReadHtmlCache [ RunTime:0.001086s ]
INFO: [ app_begin ] --END-- [ RunTime:0.002038s ]
SQL: SHOW COLUMNS FROM `goods` [ RunTime:0.010129s ]
SQL: SELECT COUNT(ID) AS tp_count FROM `goods` LIMIT 1   [ RunTime:0.000474s ]
SQL: SELECT `product`,`brand`,`Price`,`pe_img`,`describe` FROM `goods` WHERE ( `category` = '近视镜' ) LIMIT 5,5   [ RunTime:0.000388s ]
INFO: [ app_end ] --START--
INFO: Run Behavior\ShowPageTrace [ RunTime:0.001413s ]
INFO: [ app_end ] --END-- [ RunTime:0.001644s ]

[ 2017-05-24T13:34:25+08:00 ] ::1 /ThinkPHP/yanJing/index.php/Home/Index/index
INFO: [ app_begin ] --START--
INFO: Run Behavior\ReadHtmlCache [ RunTime:0.001134s ]
INFO: [ app_begin ] --END-- [ RunTime:0.002245s ]
SQL: SHOW COLUMNS FROM `goods` [ RunTime:0.008790s ]
SQL: SELECT `product`,`brand`,`Price`,`pe_img`,`describe` FROM `goods` WHERE ( `category` = '近视镜片 ' ) LIMIT 0,5   [ RunTime:0.000674s ]
INFO: [ app_end ] --START--
INFO: Run Behavior\ShowPageTrace [ RunTime:0.001352s ]
INFO: [ app_end ] --END-- [ RunTime:0.001582s ]

[ 2017-05-24T13:34:26+08:00 ] ::1 /ThinkPHP/yanJing/index.php/Home/Index/index
INFO: [ app_begin ] --START--
INFO: Run Behavior\ReadHtmlCache [ RunTime:0.001242s ]
INFO: [ app_begin ] --END-- [ RunTime:0.002430s ]
SQL: SHOW COLUMNS FROM `goods` [ RunTime:0.007751s ]
SQL: SELECT `product`,`brand`,`Price`,`pe_img`,`describe` FROM `goods` WHERE ( `category` = '近视镜片 ' ) LIMIT 0,5   [ RunTime:0.000574s ]
INFO: [ app_end ] --START--
INFO: Run Behavior\ShowPageTrace [ RunTime:0.001308s ]
INFO: [ app_end ] --END-- [ RunTime:0.001505s ]

[ 2017-05-24T13:34:27+08:00 ] ::1 /ThinkPHP/yanJing/index.php/Home/Index/index
INFO: [ app_begin ] --START--
INFO: Run Behavior\ReadHtmlCache [ RunTime:0.001010s ]
INFO: [ app_begin ] --END-- [ RunTime:0.001867s ]
SQL: SHOW COLUMNS FROM `goods` [ RunTime:0.008574s ]
SQL: SELECT `product`,`brand`,`Price`,`pe_img`,`describe` FROM `goods` WHERE ( `category` = '近视镜片 ' ) LIMIT 0,5   [ RunTime:0.000573s ]
INFO: [ app_end ] --START--
INFO: Run Behavior\ShowPageTrace [ RunTime:0.001302s ]
INFO: [ app_end ] --END-- [ RunTime:0.001513s ]

[ 2017-05-24T13:34:27+08:00 ] ::1 /ThinkPHP/yanJing/index.php/Home/Index/index
INFO: [ app_begin ] --START--
INFO: Run Behavior\ReadHtmlCache [ RunTime:0.001313s ]
INFO: [ app_begin ] --END-- [ RunTime:0.002366s ]
SQL: SHOW COLUMNS FROM `goods` [ RunTime:0.007724s ]
SQL: SELECT `product`,`brand`,`Price`,`pe_img`,`describe` FROM `goods` WHERE ( `category` = '近视镜片 ' ) LIMIT 0,5   [ RunTime:0.000617s ]
INFO: [ app_end ] --START--
INFO: Run Behavior\ShowPageTrace [ RunTime:0.001466s ]
INFO: [ app_end ] --END-- [ RunTime:0.001712s ]

[ 2017-05-24T13:34:42+08:00 ] ::1 /ThinkPHP/yanJing/index.php/Home/Index/index
INFO: [ app_begin ] --START--
INFO: Run Behavior\ReadHtmlCache [ RunTime:0.002254s ]
INFO: [ app_begin ] --END-- [ RunTime:0.003731s ]
SQL: SHOW COLUMNS FROM `goods` [ RunTime:0.008411s ]
SQL: SELECT `product`,`brand`,`Price`,`pe_img`,`describe` FROM `goods` WHERE ( `category` = '老花镜' ) LIMIT 0,5   [ RunTime:0.000628s ]
INFO: [ app_end ] --START--
INFO: Run Behavior\ShowPageTrace [ RunTime:0.001569s ]
INFO: [ app_end ] --END-- [ RunTime:0.001800s ]

[ 2017-05-24T13:34:43+08:00 ] ::1 /ThinkPHP/yanJing/index.php/Home/Index/index
INFO: [ app_begin ] --START--
INFO: Run Behavior\ReadHtmlCache [ RunTime:0.001760s ]
INFO: [ app_begin ] --END-- [ RunTime:0.003054s ]
SQL: SHOW COLUMNS FROM `goods` [ RunTime:0.007859s ]
SQL: SELECT `product`,`brand`,`Price`,`pe_img`,`describe` FROM `goods` WHERE ( `category` = '近视镜片 ' ) LIMIT 0,5   [ RunTime:0.000575s ]
INFO: [ app_end ] --START--
INFO: Run Behavior\ShowPageTrace [ RunTime:0.001450s ]
INFO: [ app_end ] --END-- [ RunTime:0.001645s ]

[ 2017-05-24T13:35:33+08:00 ] ::1 /ThinkPHP/yanJing/index.php/Home/Index/jz
INFO: [ app_begin ] --START--
INFO: Run Behavior\ReadHtmlCache [ RunTime:0.001035s ]
INFO: [ app_begin ] --END-- [ RunTime:0.001895s ]
SQL: SHOW COLUMNS FROM `goods` [ RunTime:0.008092s ]
SQL: SELECT COUNT(ID) AS tp_count FROM `goods` LIMIT 1   [ RunTime:0.000455s ]
SQL: SELECT `product`,`brand`,`Price`,`pe_img`,`describe` FROM `goods` WHERE ( `category` = '近视镜片 ' ) LIMIT 5,5   [ RunTime:0.000425s ]
INFO: [ app_end ] --START--
INFO: Run Behavior\ShowPageTrace [ RunTime:0.001422s ]
INFO: [ app_end ] --END-- [ RunTime:0.001664s ]

[ 2017-05-24T13:36:52+08:00 ] ::1 /ThinkPHP/yanJing/index.php/Home/Index/jz
INFO: [ app_begin ] --START--
INFO: Run Behavior\ReadHtmlCache [ RunTime:0.000980s ]
INFO: [ app_begin ] --END-- [ RunTime:0.001857s ]
SQL: SHOW COLUMNS FROM `goods` [ RunTime:0.007574s ]
SQL: SELECT COUNT(ID) AS tp_count FROM `goods` LIMIT 1   [ RunTime:0.000443s ]
SQL: SELECT `product`,`brand`,`Price`,`pe_img`,`describe` FROM `goods` WHERE ( `category` = '近视镜' ) LIMIT 5,5   [ RunTime:0.000375s ]
INFO: [ app_end ] --START--
INFO: Run Behavior\ShowPageTrace [ RunTime:0.001396s ]
INFO: [ app_end ] --END-- [ RunTime:0.001651s ]

[ 2017-05-24T13:36:56+08:00 ] ::1 /ThinkPHP/yanJing/index.php/Home/Index/index
INFO: [ app_begin ] --START--
INFO: Run Behavior\ReadHtmlCache [ RunTime:0.001532s ]
INFO: [ app_begin ] --END-- [ RunTime:0.002846s ]
SQL: SHOW COLUMNS FROM `goods` [ RunTime:0.008306s ]
SQL: SELECT `product`,`brand`,`Price`,`pe_img`,`describe` FROM `goods` WHERE ( `category` = '近视镜片 ' ) LIMIT 0,5   [ RunTime:0.000612s ]
INFO: [ app_end ] --START--
INFO: Run Behavior\ShowPageTrace [ RunTime:0.001394s ]
INFO: [ app_end ] --END-- [ RunTime:0.001609s ]

[ 2017-05-24T13:36:57+08:00 ] ::1 /ThinkPHP/yanJing/index.php/Home/Index/index
INFO: [ app_begin ] --START--
INFO: Run Behavior\ReadHtmlCache [ RunTime:0.001298s ]
INFO: [ app_begin ] --END-- [ RunTime:0.002362s ]
SQL: SHOW COLUMNS FROM `goods` [ RunTime:0.008081s ]
SQL: SELECT `product`,`brand`,`Price`,`pe_img`,`describe` FROM `goods` WHERE ( `category` = '近视镜片 ' ) LIMIT 0,5   [ RunTime:0.000590s ]
INFO: [ app_end ] --START--
INFO: Run Behavior\ShowPageTrace [ RunTime:0.001311s ]
INFO: [ app_end ] --END-- [ RunTime:0.001516s ]

[ 2017-05-24T13:37:00+08:00 ] ::1 /ThinkPHP/yanJing/index.php/Home/Index/jz
INFO: [ app_begin ] --START--
INFO: Run Behavior\ReadHtmlCache [ RunTime:0.001157s ]
INFO: [ app_begin ] --END-- [ RunTime:0.002119s ]
SQL: SHOW COLUMNS FROM `goods` [ RunTime:0.008377s ]
SQL: SELECT COUNT(ID) AS tp_count FROM `goods` LIMIT 1   [ RunTime:0.000484s ]
SQL: SELECT `product`,`brand`,`Price`,`pe_img`,`describe` FROM `goods` WHERE ( `category` = '近视镜片 ' ) LIMIT 5,5   [ RunTime:0.000439s ]
INFO: [ app_end ] --START--
INFO: Run Behavior\ShowPageTrace [ RunTime:0.001501s ]
INFO: [ app_end ] --END-- [ RunTime:0.001752s ]

[ 2017-05-24T13:37:07+08:00 ] ::1 /ThinkPHP/yanJing/index.php/Home/Index/jz
INFO: [ app_begin ] --START--
INFO: Run Behavior\ReadHtmlCache [ RunTime:0.001081s ]
INFO: [ app_begin ] --END-- [ RunTime:0.002123s ]
SQL: SHOW COLUMNS FROM `goods` [ RunTime:0.009120s ]
SQL: SELECT COUNT(ID) AS tp_count FROM `goods` LIMIT 1   [ RunTime:0.000492s ]
SQL: SELECT `product`,`brand`,`Price`,`pe_img`,`describe` FROM `goods` WHERE ( `category` = '近视镜' ) LIMIT 5,5   [ RunTime:0.000361s ]
INFO: [ app_end ] --START--
INFO: Run Behavior\ShowPageTrace [ RunTime:0.001430s ]
INFO: [ app_end ] --END-- [ RunTime:0.001655s ]

[ 2017-05-24T13:37:09+08:00 ] ::1 /ThinkPHP/yanJing/index.php/Home/Index/index
INFO: [ app_begin ] --START--
INFO: Run Behavior\ReadHtmlCache [ RunTime:0.001097s ]
INFO: [ app_begin ] --END-- [ RunTime:0.002047s ]
SQL: SHOW COLUMNS FROM `goods` [ RunTime:0.008166s ]
SQL: SELECT `product`,`brand`,`Price`,`pe_img`,`describe` FROM `goods` WHERE ( `category` = '近视镜片 ' ) LIMIT 0,5   [ RunTime:0.000591s ]
INFO: [ app_end ] --START--
INFO: Run Behavior\ShowPageTrace [ RunTime:0.001467s ]
INFO: [ app_end ] --END-- [ RunTime:0.001701s ]

[ 2017-05-24T13:37:12+08:00 ] ::1 /ThinkPHP/yanJing/index.php/Home/Index/jz
INFO: [ app_begin ] --START--
INFO: Run Behavior\ReadHtmlCache [ RunTime:0.001196s ]
INFO: [ app_begin ] --END-- [ RunTime:0.002303s ]
SQL: SHOW COLUMNS FROM `goods` [ RunTime:0.009314s ]
SQL: SELECT COUNT(ID) AS tp_count FROM `goods` LIMIT 1   [ RunTime:0.000541s ]
SQL: SELECT `product`,`brand`,`Price`,`pe_img`,`describe` FROM `goods` WHERE ( `category` = '近视镜片 ' ) LIMIT 5,5   [ RunTime:0.000490s ]
INFO: [ app_end ] --START--
INFO: Run Behavior\ShowPageTrace [ RunTime:0.001443s ]
INFO: [ app_end ] --END-- [ RunTime:0.001660s ]

[ 2017-05-24T13:57:17+08:00 ] ::1 /ThinkPHP/yanJing/index.php/Home/Index/jz
INFO: [ app_begin ] --START--
INFO: Run Behavior\ReadHtmlCache [ RunTime:0.001087s ]
INFO: [ app_begin ] --END-- [ RunTime:0.002079s ]
SQL: SHOW COLUMNS FROM `goods` [ RunTime:0.007798s ]
SQL: SELECT COUNT(ID) AS tp_count FROM `goods` LIMIT 1   [ RunTime:0.000655s ]
SQL: SELECT `product`,`brand`,`Price`,`pe_img`,`describe` FROM `goods` WHERE ( `category` = '近视镜片' ) LIMIT 5,5   [ RunTime:0.000516s ]
INFO: [ app_end ] --START--
INFO: Run Behavior\ShowPageTrace [ RunTime:0.001418s ]
INFO: [ app_end ] --END-- [ RunTime:0.001621s ]

[ 2017-05-24T13:57:20+08:00 ] ::1 /ThinkPHP/yanJing/index.php/Home/Index/jz
INFO: [ app_begin ] --START--
INFO: Run Behavior\ReadHtmlCache [ RunTime:0.001083s ]
INFO: [ app_begin ] --END-- [ RunTime:0.002061s ]
SQL: SHOW COLUMNS FROM `goods` [ RunTime:0.008172s ]
SQL: SELECT COUNT(ID) AS tp_count FROM `goods` LIMIT 1   [ RunTime:0.000457s ]
SQL: SELECT `product`,`brand`,`Price`,`pe_img`,`describe` FROM `goods` WHERE ( `category` = '近视镜片' ) LIMIT 10,5   [ RunTime:0.000361s ]
INFO: [ app_end ] --START--
INFO: Run Behavior\ShowPageTrace [ RunTime:0.001333s ]
INFO: [ app_end ] --END-- [ RunTime:0.001547s ]

[ 2017-05-24T13:57:27+08:00 ] ::1 /ThinkPHP/yanJing/index.php/Home/Index/index
INFO: [ app_begin ] --START--
INFO: Run Behavior\ReadHtmlCache [ RunTime:0.001321s ]
INFO: [ app_begin ] --END-- [ RunTime:0.002356s ]
SQL: SHOW COLUMNS FROM `goods` [ RunTime:0.008314s ]
SQL: SELECT `product`,`brand`,`Price`,`pe_img`,`describe` FROM `goods` WHERE ( `category` = '近视镜片 ' ) LIMIT 0,5   [ RunTime:0.000601s ]
INFO: [ app_end ] --START--
INFO: Run Behavior\ShowPageTrace [ RunTime:0.001577s ]
INFO: [ app_end ] --END-- [ RunTime:0.001831s ]

[ 2017-05-24T13:57:33+08:00 ] ::1 /ThinkPHP/yanJing/index.php/Home/Index/index
INFO: [ app_begin ] --START--
INFO: Run Behavior\ReadHtmlCache [ RunTime:0.001425s ]
INFO: [ app_begin ] --END-- [ RunTime:0.002454s ]
SQL: SHOW COLUMNS FROM `goods` [ RunTime:0.007907s ]
SQL: SELECT `product`,`brand`,`Price`,`pe_img`,`describe` FROM `goods` WHERE ( `category` = '近视镜片 ' ) LIMIT 0,5   [ RunTime:0.000736s ]
INFO: [ app_end ] --START--
INFO: Run Behavior\ShowPageTrace [ RunTime:0.001366s ]
INFO: [ app_end ] --END-- [ RunTime:0.001572s ]

[ 2017-05-24T13:57:45+08:00 ] ::1 /ThinkPHP/yanJing/index.php/Home/Index/index
INFO: [ app_begin ] --START--
INFO: Run Behavior\ReadHtmlCache [ RunTime:0.001632s ]
INFO: [ app_begin ] --END-- [ RunTime:0.002931s ]
SQL: SHOW COLUMNS FROM `goods` [ RunTime:0.013019s ]
SQL: SELECT `product`,`brand`,`Price`,`pe_img`,`describe` FROM `goods` WHERE ( `category` = '老花镜' ) LIMIT 0,5   [ RunTime:0.000869s ]
INFO: [ app_end ] --START--
INFO: Run Behavior\ShowPageTrace [ RunTime:0.001458s ]
INFO: [ app_end ] --END-- [ RunTime:0.001687s ]

[ 2017-05-24T13:57:50+08:00 ] ::1 /ThinkPHP/yanJing/index.php/Home/Index/index
INFO: [ app_begin ] --START--
INFO: Run Behavior\ReadHtmlCache [ RunTime:0.001363s ]
INFO: [ app_begin ] --END-- [ RunTime:0.002632s ]
SQL: SHOW COLUMNS FROM `goods` [ RunTime:0.008805s ]
SQL: SELECT `product`,`brand`,`Price`,`pe_img`,`describe` FROM `goods` WHERE ( `category` = '近视镜片 ' ) LIMIT 0,5   [ RunTime:0.000765s ]
INFO: [ app_end ] --START--
INFO: Run Behavior\ShowPageTrace [ RunTime:0.001658s ]
INFO: [ app_end ] --END-- [ RunTime:0.001933s ]

[ 2017-05-24T14:04:33+08:00 ] ::1 /ThinkPHP/yanJing/index.php/Home/Index/jz
INFO: [ app_begin ] --START--
INFO: Run Behavior\ReadHtmlCache [ RunTime:0.001249s ]
INFO: [ app_begin ] --END-- [ RunTime:0.002382s ]
SQL: SHOW COLUMNS FROM `goods` [ RunTime:0.007995s ]
SQL: SELECT COUNT(ID) AS tp_count FROM `goods` LIMIT 1   [ RunTime:0.000499s ]
SQL: SELECT `product`,`brand`,`Price`,`pe_img`,`describe` FROM `goods` WHERE ( `category` = '近视镜片' ) LIMIT 5,5   [ RunTime:0.000424s ]
INFO: [ app_end ] --START--
INFO: Run Behavior\ShowPageTrace [ RunTime:0.001322s ]
INFO: [ app_end ] --END-- [ RunTime:0.001547s ]

[ 2017-05-24T14:04:35+08:00 ] ::1 /ThinkPHP/yanJing/index.php/Home/Index/jz
INFO: [ app_begin ] --START--
INFO: Run Behavior\ReadHtmlCache [ RunTime:0.001225s ]
INFO: [ app_begin ] --END-- [ RunTime:0.002351s ]
SQL: SHOW COLUMNS FROM `goods` [ RunTime:0.008704s ]
SQL: SELECT COUNT(ID) AS tp_count FROM `goods` LIMIT 1   [ RunTime:0.000699s ]
SQL: SELECT `product`,`brand`,`Price`,`pe_img`,`describe` FROM `goods` WHERE ( `category` = '近视镜片' ) LIMIT 10,5   [ RunTime:0.000685s ]
INFO: [ app_end ] --START--
INFO: Run Behavior\ShowPageTrace [ RunTime:0.001486s ]
INFO: [ app_end ] --END-- [ RunTime:0.001737s ]

[ 2017-05-24T14:04:40+08:00 ] ::1 /ThinkPHP/yanJing/index.php/Home/Index/index
INFO: [ app_begin ] --START--
INFO: Run Behavior\ReadHtmlCache [ RunTime:0.001513s ]
INFO: [ app_begin ] --END-- [ RunTime:0.002954s ]
SQL: SHOW COLUMNS FROM `goods` [ RunTime:0.007641s ]
SQL: SELECT `product`,`brand`,`Price`,`pe_img`,`describe` FROM `goods` WHERE ( `category` = '近视镜片 ' ) LIMIT 0,5   [ RunTime:0.000880s ]
INFO: [ app_end ] --START--
INFO: Run Behavior\ShowPageTrace [ RunTime:0.001366s ]
INFO: [ app_end ] --END-- [ RunTime:0.001567s ]

[ 2017-05-24T14:04:43+08:00 ] ::1 /ThinkPHP/yanJing/index.php/Home/Index/jz
INFO: [ app_begin ] --START--
INFO: Run Behavior\ReadHtmlCache [ RunTime:0.001013s ]
INFO: [ app_begin ] --END-- [ RunTime:0.001929s ]
SQL: SHOW COLUMNS FROM `goods` [ RunTime:0.008106s ]
SQL: SELECT COUNT(ID) AS tp_count FROM `goods` LIMIT 1   [ RunTime:0.000476s ]
SQL: SELECT `product`,`brand`,`Price`,`pe_img`,`describe` FROM `goods` WHERE ( `category` = '近视镜片 ' ) LIMIT 5,5   [ RunTime:0.000412s ]
INFO: [ app_end ] --START--
INFO: Run Behavior\ShowPageTrace [ RunTime:0.001333s ]
INFO: [ app_end ] --END-- [ RunTime:0.001555s ]

[ 2017-05-24T14:04:46+08:00 ] ::1 /ThinkPHP/yanJing/index.php/Home/Index/index
INFO: [ app_begin ] --START--
INFO: Run Behavior\ReadHtmlCache [ RunTime:0.001076s ]
INFO: [ app_begin ] --END-- [ RunTime:0.001982s ]
SQL: SHOW COLUMNS FROM `goods` [ RunTime:0.008141s ]
SQL: SELECT `product`,`brand`,`Price`,`pe_img`,`describe` FROM `goods` WHERE ( `category` = '老花镜' ) LIMIT 0,5   [ RunTime:0.000556s ]
INFO: [ app_end ] --START--
INFO: Run Behavior\ShowPageTrace [ RunTime:0.001358s ]
INFO: [ app_end ] --END-- [ RunTime:0.001567s ]

[ 2017-05-24T14:04:48+08:00 ] ::1 /ThinkPHP/yanJing/index.php/Home/Index/jz
INFO: [ app_begin ] --START--
INFO: Run Behavior\ReadHtmlCache [ RunTime:0.001009s ]
INFO: [ app_begin ] --END-- [ RunTime:0.001851s ]
SQL: SHOW COLUMNS FROM `goods` [ RunTime:0.008552s ]
SQL: SELECT COUNT(ID) AS tp_count FROM `goods` LIMIT 1   [ RunTime:0.000598s ]
SQL: SELECT `product`,`brand`,`Price`,`pe_img`,`describe` FROM `goods` WHERE ( `category` = '老花镜' ) LIMIT 5,5   [ RunTime:0.000756s ]
INFO: [ app_end ] --START--
INFO: Run Behavior\ShowPageTrace [ RunTime:0.001658s ]
INFO: [ app_end ] --END-- [ RunTime:0.001931s ]

[ 2017-05-24T14:04:51+08:00 ] ::1 /ThinkPHP/yanJing/index.php/Home/Index/index
INFO: [ app_begin ] --START--
INFO: Run Behavior\ReadHtmlCache [ RunTime:0.001509s ]
INFO: [ app_begin ] --END-- [ RunTime:0.003327s ]
SQL: SHOW COLUMNS FROM `goods` [ RunTime:0.008671s ]
SQL: SELECT `product`,`brand`,`Price`,`pe_img`,`describe` FROM `goods` WHERE ( `category` = '近视镜片 ' ) LIMIT 0,5   [ RunTime:0.000673s ]
INFO: [ app_end ] --START--
INFO: Run Behavior\ShowPageTrace [ RunTime:0.001453s ]
INFO: [ app_end ] --END-- [ RunTime:0.001704s ]

[ 2017-05-24T14:04:53+08:00 ] ::1 /ThinkPHP/yanJing/index.php/Home/Index/jz
INFO: [ app_begin ] --START--
INFO: Run Behavior\ReadHtmlCache [ RunTime:0.001354s ]
INFO: [ app_begin ] --END-- [ RunTime:0.002312s ]
SQL: SHOW COLUMNS FROM `goods` [ RunTime:0.009246s ]
SQL: SELECT COUNT(ID) AS tp_count FROM `goods` LIMIT 1   [ RunTime:0.000543s ]
SQL: SELECT `product`,`brand`,`Price`,`pe_img`,`describe` FROM `goods` WHERE ( `category` = '近视镜片 ' ) LIMIT 5,5   [ RunTime:0.000727s ]
INFO: [ app_end ] --START--
INFO: Run Behavior\ShowPageTrace [ RunTime:0.001421s ]
INFO: [ app_end ] --END-- [ RunTime:0.001640s ]

[ 2017-05-24T14:04:55+08:00 ] ::1 /ThinkPHP/yanJing/index.php/Home/Index/jz
INFO: [ app_begin ] --START--
INFO: Run Behavior\ReadHtmlCache [ RunTime:0.001326s ]
INFO: [ app_begin ] --END-- [ RunTime:0.002379s ]
SQL: SHOW COLUMNS FROM `goods` [ RunTime:0.010419s ]
SQL: SELECT COUNT(ID) AS tp_count FROM `goods` LIMIT 1   [ RunTime:0.000513s ]
SQL: SELECT `product`,`brand`,`Price`,`pe_img`,`describe` FROM `goods` WHERE ( `category` = '近视镜片 ' ) LIMIT 10,5   [ RunTime:0.000493s ]
INFO: [ app_end ] --START--
INFO: Run Behavior\ShowPageTrace [ RunTime:0.001779s ]
INFO: [ app_end ] --END-- [ RunTime:0.002119s ]

[ 2017-05-24T14:05:00+08:00 ] ::1 /ThinkPHP/yanJing/index.php/Home/Index/index
INFO: [ app_begin ] --START--
INFO: Run Behavior\ReadHtmlCache [ RunTime:0.001090s ]
INFO: [ app_begin ] --END-- [ RunTime:0.002028s ]
SQL: SHOW COLUMNS FROM `goods` [ RunTime:0.008350s ]
SQL: SELECT `product`,`brand`,`Price`,`pe_img`,`describe` FROM `goods` WHERE ( `category` = '隐形眼镜护理液' ) LIMIT 0,5   [ RunTime:0.000589s ]
INFO: [ app_end ] --START--
INFO: Run Behavior\ShowPageTrace [ RunTime:0.001398s ]
INFO: [ app_end ] --END-- [ RunTime:0.001627s ]

[ 2017-05-24T14:05:03+08:00 ] ::1 /ThinkPHP/yanJing/index.php/Home/Index/index
INFO: [ app_begin ] --START--
INFO: Run Behavior\ReadHtmlCache [ RunTime:0.001091s ]
INFO: [ app_begin ] --END-- [ RunTime:0.002079s ]
SQL: SHOW COLUMNS FROM `goods` [ RunTime:0.008600s ]
SQL: SELECT `product`,`brand`,`Price`,`pe_img`,`describe` FROM `goods` WHERE ( `category` = '近视镜片 ' ) LIMIT 0,5   [ RunTime:0.000593s ]
INFO: [ app_end ] --START--
INFO: Run Behavior\ShowPageTrace [ RunTime:0.001309s ]
INFO: [ app_end ] --END-- [ RunTime:0.001518s ]

[ 2017-05-24T14:05:05+08:00 ] ::1 /ThinkPHP/yanJing/index.php/Home/Index/jz
INFO: [ app_begin ] --START--
INFO: Run Behavior\ReadHtmlCache [ RunTime:0.001078s ]
INFO: [ app_begin ] --END-- [ RunTime:0.001969s ]
SQL: SHOW COLUMNS FROM `goods` [ RunTime:0.008625s ]
SQL: SELECT COUNT(ID) AS tp_count FROM `goods` LIMIT 1   [ RunTime:0.000546s ]
SQL: SELECT `product`,`brand`,`Price`,`pe_img`,`describe` FROM `goods` WHERE ( `category` = '近视镜片 ' ) LIMIT 5,5   [ RunTime:0.000797s ]
INFO: [ app_end ] --START--
INFO: Run Behavior\ShowPageTrace [ RunTime:0.001422s ]
INFO: [ app_end ] --END-- [ RunTime:0.001657s ]

[ 2017-05-24T14:06:00+08:00 ] ::1 /ThinkPHP/yanJing/index.php/Home/Index/jz
INFO: [ app_begin ] --START--
INFO: Run Behavior\ReadHtmlCache [ RunTime:0.001108s ]
INFO: [ app_begin ] --END-- [ RunTime:0.002082s ]
SQL: SHOW COLUMNS FROM `goods` [ RunTime:0.008047s ]
SQL: SELECT COUNT(ID) AS tp_count FROM `goods` LIMIT 1   [ RunTime:0.000466s ]
SQL: SELECT `product`,`brand`,`Price`,`pe_img`,`describe` FROM `goods` WHERE ( `category` = '近视镜片' ) LIMIT 5,5   [ RunTime:0.000394s ]
INFO: [ app_end ] --START--
INFO: Run Behavior\ShowPageTrace [ RunTime:0.001365s ]
INFO: [ app_end ] --END-- [ RunTime:0.001685s ]

[ 2017-05-24T14:06:09+08:00 ] ::1 /ThinkPHP/yanJing/index.php/Home/Index/index
INFO: [ app_begin ] --START--
INFO: Run Behavior\ReadHtmlCache [ RunTime:0.001281s ]
INFO: [ app_begin ] --END-- [ RunTime:0.002396s ]
SQL: SHOW COLUMNS FROM `goods` [ RunTime:0.010756s ]
SQL: SELECT `product`,`brand`,`Price`,`pe_img`,`describe` FROM `goods` WHERE ( `category` = '近视镜片 ' ) LIMIT 0,5   [ RunTime:0.000737s ]
INFO: [ app_end ] --START--
INFO: Run Behavior\ShowPageTrace [ RunTime:0.001869s ]
INFO: [ app_end ] --END-- [ RunTime:0.002120s ]

[ 2017-05-24T14:06:16+08:00 ] ::1 /ThinkPHP/yanJing/index.php/Home/Index/jz
INFO: [ app_begin ] --START--
INFO: Run Behavior\ReadHtmlCache [ RunTime:0.001024s ]
INFO: [ app_begin ] --END-- [ RunTime:0.001880s ]
SQL: SHOW COLUMNS FROM `goods` [ RunTime:0.008624s ]
SQL: SELECT COUNT(ID) AS tp_count FROM `goods` LIMIT 1   [ RunTime:0.000513s ]
SQL: SELECT `product`,`brand`,`Price`,`pe_img`,`describe` FROM `goods` WHERE ( `category` = '近视镜片 ' ) LIMIT 5,5   [ RunTime:0.000410s ]
INFO: [ app_end ] --START--
INFO: Run Behavior\ShowPageTrace [ RunTime:0.001322s ]
INFO: [ app_end ] --END-- [ RunTime:0.001523s ]

[ 2017-05-24T14:06:41+08:00 ] ::1 /ThinkPHP/yanJing/index.php/Home/User/logo
INFO: [ app_begin ] --START--
INFO: Run Behavior\ReadHtmlCache [ RunTime:0.001215s ]
INFO: [ app_begin ] --END-- [ RunTime:0.002338s ]
SQL: SHOW COLUMNS FROM `member` [ RunTime:0.008319s ]
SQL: SELECT `password`,`ID`,`name` FROM `member` WHERE ( `cell` = '1' )  [ RunTime:0.000540s ]
INFO: [ app_end ] --START--
INFO: Run Behavior\ShowPageTrace [ RunTime:0.001315s ]
INFO: [ app_end ] --END-- [ RunTime:0.001497s ]

[ 2017-05-24T15:11:41+08:00 ] 172.18.160.17 /ThinkPHP/yanJing/index.php/Home/User/logo
INFO: [ app_begin ] --START--
INFO: Run Behavior\ReadHtmlCache [ RunTime:0.001485s ]
INFO: [ app_begin ] --END-- [ RunTime:0.002922s ]
SQL: SHOW COLUMNS FROM `member` [ RunTime:0.008909s ]
SQL: SELECT `password`,`ID`,`name` FROM `member` WHERE ( `cell` = '1' )  [ RunTime:0.000540s ]
INFO: [ app_end ] --START--
INFO: Run Behavior\ShowPageTrace [ RunTime:0.001330s ]
INFO: [ app_end ] --END-- [ RunTime:0.001527s ]

[ 2017-05-24T15:17:27+08:00 ] 172.18.160.17 /ThinkPHP/yanJing/index.php/Home/User/logo
INFO: [ app_begin ] --START--
INFO: Run Behavior\ReadHtmlCache [ RunTime:0.001490s ]
INFO: [ app_begin ] --END-- [ RunTime:0.002884s ]
SQL: SHOW COLUMNS FROM `member` [ RunTime:0.009024s ]
SQL: SELECT `password`,`ID`,`name` FROM `member` WHERE ( `cell` = '1' )  [ RunTime:0.000534s ]
INFO: [ app_end ] --START--
INFO: Run Behavior\ShowPageTrace [ RunTime:0.001336s ]
INFO: [ app_end ] --END-- [ RunTime:0.001532s ]

[ 2017-05-24T15:21:31+08:00 ] ::1 /ThinkPHP/yanJing/index.php/Home/User/logo
INFO: [ app_begin ] --START--
INFO: Run Behavior\ReadHtmlCache [ RunTime:0.001070s ]
INFO: [ app_begin ] --END-- [ RunTime:0.002095s ]
SQL: SHOW COLUMNS FROM `member` [ RunTime:0.008136s ]
SQL: SELECT `password`,`ID`,`name` FROM `member` WHERE ( `cell` = '1' )  [ RunTime:0.000955s ]
INFO: [ app_end ] --START--
INFO: Run Behavior\ShowPageTrace [ RunTime:0.001406s ]
INFO: [ app_end ] --END-- [ RunTime:0.001628s ]

[ 2017-05-24T15:28:02+08:00 ] 172.18.160.17 /ThinkPHP/yanJing/index.php/Home/User/logo
INFO: [ app_begin ] --START--
INFO: Run Behavior\ReadHtmlCache [ RunTime:0.001055s ]
INFO: [ app_begin ] --END-- [ RunTime:0.001957s ]
SQL: SHOW COLUMNS FROM `member` [ RunTime:0.008387s ]
SQL: SELECT `password`,`ID`,`name` FROM `member` WHERE ( `cell` = '1' )  [ RunTime:0.000671s ]
INFO: [ app_end ] --START--
INFO: Run Behavior\ShowPageTrace [ RunTime:0.001345s ]
INFO: [ app_end ] --END-- [ RunTime:0.001558s ]

[ 2017-05-24T15:37:12+08:00 ] ::1 /ThinkPHP/yanJing/index.php/Home/User/logo
INFO: [ app_begin ] --START--
INFO: Run Behavior\ReadHtmlCache [ RunTime:0.001092s ]
INFO: [ app_begin ] --END-- [ RunTime:0.002098s ]
SQL: SHOW COLUMNS FROM `member` [ RunTime:0.008764s ]
SQL: SELECT `password`,`ID`,`name` FROM `member` WHERE ( `cell` = '1' )  [ RunTime:0.000520s ]
INFO: [ app_end ] --START--
INFO: Run Behavior\ShowPageTrace [ RunTime:0.001301s ]
INFO: [ app_end ] --END-- [ RunTime:0.001510s ]

[ 2017-05-24T15:48:29+08:00 ] ::1 /ThinkPHP/yanJing/index.php/Home/User/logo
INFO: [ app_begin ] --START--
INFO: Run Behavior\ReadHtmlCache [ RunTime:0.001174s ]
INFO: [ app_begin ] --END-- [ RunTime:0.002340s ]
SQL: SHOW COLUMNS FROM `member` [ RunTime:0.009529s ]
SQL: SELECT `password`,`ID`,`name` FROM `member` WHERE ( `cell` = '1' )  [ RunTime:0.000537s ]
INFO: [ app_end ] --START--
INFO: Run Behavior\ShowPageTrace [ RunTime:0.001360s ]
INFO: [ app_end ] --END-- [ RunTime:0.001570s ]

[ 2017-05-24T16:05:33+08:00 ] ::1 /ThinkPHP/yanJing/index.php/Home/User/logo
INFO: [ app_begin ] --START--
INFO: Run Behavior\ReadHtmlCache [ RunTime:0.000998s ]
INFO: [ app_begin ] --END-- [ RunTime:0.001836s ]
SQL: SHOW COLUMNS FROM `member` [ RunTime:0.008668s ]
SQL: SELECT `password`,`ID`,`name` FROM `member` WHERE ( `cell` = '1' )  [ RunTime:0.000483s ]
INFO: [ app_end ] --START--
INFO: Run Behavior\ShowPageTrace [ RunTime:0.001287s ]
INFO: [ app_end ] --END-- [ RunTime:0.001494s ]

[ 2017-05-24T16:08:20+08:00 ] 172.18.160.17 /ThinkPHP/yanJing/index.php/Home/User/logo
INFO: [ app_begin ] --START--
INFO: Run Behavior\ReadHtmlCache [ RunTime:0.001479s ]
INFO: [ app_begin ] --END-- [ RunTime:0.002717s ]
SQL: SHOW COLUMNS FROM `member` [ RunTime:0.010293s ]
SQL: SELECT `password`,`ID`,`name` FROM `member` WHERE ( `cell` = '1' )  [ RunTime:0.000560s ]
INFO: [ app_end ] --START--
INFO: Run Behavior\ShowPageTrace [ RunTime:0.001397s ]
INFO: [ app_end ] --END-- [ RunTime:0.001637s ]

[ 2017-05-24T16:31:36+08:00 ] ::1 /ThinkPHP/yanJing/index.php/Home/User/logo
INFO: [ app_begin ] --START--
INFO: Run Behavior\ReadHtmlCache [ RunTime:0.001024s ]
INFO: [ app_begin ] --END-- [ RunTime:0.002128s ]
SQL: SHOW COLUMNS FROM `member` [ RunTime:0.008623s ]
SQL: SELECT `password`,`ID`,`name` FROM `member` WHERE ( `cell` = '1' )  [ RunTime:0.000617s ]
INFO: [ app_end ] --START--
INFO: Run Behavior\ShowPageTrace [ RunTime:0.001362s ]
INFO: [ app_end ] --END-- [ RunTime:0.001597s ]

[ 2017-05-24T17:12:29+08:00 ] ::1 /ThinkPHP/yanJing/index.php/Home/User/logo
INFO: [ app_begin ] --START--
INFO: Run Behavior\ReadHtmlCache [ RunTime:0.001589s ]
INFO: [ app_begin ] --END-- [ RunTime:0.003173s ]
SQL: SHOW COLUMNS FROM `member` [ RunTime:0.008162s ]
SQL: SELECT `password`,`ID`,`name` FROM `member` WHERE ( `cell` = '1' )  [ RunTime:0.000722s ]
INFO: [ app_end ] --START--
INFO: Run Behavior\ShowPageTrace [ RunTime:0.001445s ]
INFO: [ app_end ] --END-- [ RunTime:0.001687s ]

[ 2017-05-24T17:22:43+08:00 ] ::1 /ThinkPHP/yanJing/index.php/Home/User/logo
INFO: [ app_begin ] --START--
INFO: Run Behavior\ReadHtmlCache [ RunTime:0.001094s ]
INFO: [ app_begin ] --END-- [ RunTime:0.002159s ]
SQL: SHOW COLUMNS FROM `member` [ RunTime:0.008608s ]
SQL: SELECT `password`,`ID`,`name` FROM `member` WHERE ( `cell` = '1' )  [ RunTime:0.000885s ]
INFO: [ app_end ] --START--
INFO: Run Behavior\ShowPageTrace [ RunTime:0.001383s ]
INFO: [ app_end ] --END-- [ RunTime:0.001586s ]

[ 2017-05-24T17:24:29+08:00 ] ::1 /ThinkPHP/yanJing/index.php/Home/User/logo
INFO: [ app_begin ] --START--
INFO: Run Behavior\ReadHtmlCache [ RunTime:0.001056s ]
INFO: [ app_begin ] --END-- [ RunTime:0.002004s ]
SQL: SHOW COLUMNS FROM `member` [ RunTime:0.008176s ]
SQL: SELECT `password`,`ID`,`name` FROM `member` WHERE ( `cell` = '1' )  [ RunTime:0.000802s ]
INFO: [ app_end ] --START--
INFO: Run Behavior\ShowPageTrace [ RunTime:0.001418s ]
INFO: [ app_end ] --END-- [ RunTime:0.001626s ]

[ 2017-05-24T17:41:48+08:00 ] ::1 /ThinkPHP/yanJing/index.php/Home/User/logo
INFO: [ app_begin ] --START--
INFO: Run Behavior\ReadHtmlCache [ RunTime:0.001180s ]
INFO: [ app_begin ] --END-- [ RunTime:0.002257s ]
SQL: SHOW COLUMNS FROM `member` [ RunTime:0.008555s ]
SQL: SELECT `password`,`ID`,`name` FROM `member` WHERE ( `cell` = '1' )  [ RunTime:0.000778s ]
INFO: [ app_end ] --START--
INFO: Run Behavior\ShowPageTrace [ RunTime:0.001341s ]
INFO: [ app_end ] --END-- [ RunTime:0.001552s ]

[ 2017-05-24T17:44:59+08:00 ] 172.18.160.17 /ThinkPHP/yanJing/index.php/Home/User/logo
INFO: [ app_begin ] --START--
INFO: Run Behavior\ReadHtmlCache [ RunTime:0.002600s ]
INFO: [ app_begin ] --END-- [ RunTime:0.004619s ]
SQL: SHOW COLUMNS FROM `member` [ RunTime:0.011262s ]
SQL: SELECT `password`,`ID`,`name` FROM `member` WHERE ( `cell` = '1' )  [ RunTime:0.000594s ]
INFO: [ app_end ] --START--
INFO: Run Behavior\ShowPageTrace [ RunTime:0.001626s ]
INFO: [ app_end ] --END-- [ RunTime:0.001879s ]

